

*******************************************************************************
Mon Jul 10 15:07:51 2017


FIT:    data read from "fit.txt"
        format = z
        #datapoints = 4
        residuals are weighted equally (unit weight)

function used for fitting: M(x)
	M(x)=(c1*x)+d1
fitted parameters initialized with current variable values

iter      chisq       delta/lim  lambda   c1            d1           
   0 1.6991876962e+02   0.00e+00  4.03e+00    1.000000e+00   1.000000e+00
   5 5.7406507827e-07  -4.58e-03  4.03e-05    3.985341e-04   7.669536e-02

After 5 iterations the fit converged.
final sum of squares of residuals : 5.74065e-07
rel. change during last iteration : -4.57619e-08

degrees of freedom    (FIT_NDF)                        : 2
rms of residuals      (FIT_STDFIT) = sqrt(WSSR/ndf)    : 0.000535754
variance of residuals (reduced chisquare) = WSSR/ndf   : 2.87033e-07

Final set of parameters            Asymptotic Standard Error
=======================            ==========================
c1              = 0.000398534      +/- 0.0002396    (60.12%)
d1              = 0.0766954        +/- 0.001345     (1.753%)

correlation matrix of the fit parameters:
                c1     d1     
c1              1.000 
d1             -0.980  1.000 


*******************************************************************************
Mon Jul 10 15:09:04 2017


FIT:    data read from "fit.txt"
        format = z
        #datapoints = 4
        residuals are weighted equally (unit weight)

function used for fitting: M(x)
	M(x)=(c1*(x**(-1)))+d1
fitted parameters initialized with current variable values

iter      chisq       delta/lim  lambda   c1            d1           
   0 1.9332175051e-05   0.00e+00  5.42e-02    3.985341e-04   7.669536e-02
   7 7.9211256566e-07  -2.74e-06  5.42e-09   -9.438497e-03   8.067948e-02

After 7 iterations the fit converged.
final sum of squares of residuals : 7.92113e-07
rel. change during last iteration : -2.73612e-11

degrees of freedom    (FIT_NDF)                        : 2
rms of residuals      (FIT_STDFIT) = sqrt(WSSR/ndf)    : 0.00062933
variance of residuals (reduced chisquare) = WSSR/ndf   : 3.96056e-07

Final set of parameters            Asymptotic Standard Error
=======================            ==========================
c1              = -0.0094385       +/- 0.007826     (82.91%)
d1              = 0.0806795        +/- 0.001519     (1.883%)

correlation matrix of the fit parameters:
                c1     d1     
c1              1.000 
d1             -0.978  1.000 


*******************************************************************************
Mon Jul 10 15:16:51 2017


FIT:    data read from "fit.txt"
        format = z
        #datapoints = 4
        residuals are weighted equally (unit weight)

function used for fitting: M(x)
	M(x)=(c1*(x**(-1)))+d1
fitted parameters initialized with current variable values

iter      chisq       delta/lim  lambda   c1            d1           
   0 5.7616475959e+00   0.00e+00  7.20e-01    1.000000e+00   1.000000e+00
   5 7.2942525913e-08  -4.61e-04  7.20e-06    3.776378e-02  -1.683749e-02

After 5 iterations the fit converged.
final sum of squares of residuals : 7.29425e-08
rel. change during last iteration : -4.61184e-09

degrees of freedom    (FIT_NDF)                        : 2
rms of residuals      (FIT_STDFIT) = sqrt(WSSR/ndf)    : 0.000190975
variance of residuals (reduced chisquare) = WSSR/ndf   : 3.64713e-08

Final set of parameters            Asymptotic Standard Error
=======================            ==========================
c1              = 0.0377638        +/- 0.002375     (6.289%)
d1              = -0.0168375       +/- 0.0004609    (2.738%)

correlation matrix of the fit parameters:
                c1     d1     
c1              1.000 
d1             -0.978  1.000 


*******************************************************************************
Mon Jul 10 15:17:47 2017


FIT:    data read from "fit.txt"
        format = z
        #datapoints = 4
        residuals are weighted equally (unit weight)

function used for fitting: M(x)
	M(x)=(c1*(x**(-1)))+d1
fitted parameters initialized with current variable values

iter      chisq       delta/lim  lambda   c1            d1           
   0 7.2942525913e-08   0.00e+00  1.30e-02    3.776378e-02  -1.683749e-02
   1 7.2942525913e-08  -6.53e-10  1.30e-03    3.776378e-02  -1.683749e-02

After 1 iterations the fit converged.
final sum of squares of residuals : 7.29425e-08
rel. change during last iteration : -6.53194e-15

degrees of freedom    (FIT_NDF)                        : 2
rms of residuals      (FIT_STDFIT) = sqrt(WSSR/ndf)    : 0.000190975
variance of residuals (reduced chisquare) = WSSR/ndf   : 3.64713e-08

Final set of parameters            Asymptotic Standard Error
=======================            ==========================
c1              = 0.0377638        +/- 0.002375     (6.289%)
d1              = -0.0168375       +/- 0.0004609    (2.738%)

correlation matrix of the fit parameters:
                c1     d1     
c1              1.000 
d1             -0.978  1.000 


*******************************************************************************
Mon Jul 10 15:23:52 2017


FIT:    data read from "fit.txt"
        format = z
        #datapoints = 4
        residuals are weighted equally (unit weight)

function used for fitting: M(x)
	M(x)=(c1*(x**(-1)))+d1
fitted parameters initialized with current variable values

iter      chisq       delta/lim  lambda   c1            d1           
   0 5.6241413965e+00   0.00e+00  7.20e-01    1.000000e+00   1.000000e+00
   5 5.5980606742e-08  -7.16e-04  7.20e-06   -2.736456e-02   1.003311e-02

After 5 iterations the fit converged.
final sum of squares of residuals : 5.59806e-08
rel. change during last iteration : -7.15731e-09

degrees of freedom    (FIT_NDF)                        : 2
rms of residuals      (FIT_STDFIT) = sqrt(WSSR/ndf)    : 0.000167303
variance of residuals (reduced chisquare) = WSSR/ndf   : 2.79903e-08

Final set of parameters            Asymptotic Standard Error
=======================            ==========================
c1              = -0.0273646       +/- 0.00208      (7.603%)
d1              = 0.0100331        +/- 0.0004038    (4.025%)

correlation matrix of the fit parameters:
                c1     d1     
c1              1.000 
d1             -0.978  1.000 


*******************************************************************************
Mon Jul 10 15:36:59 2017


FIT:    data read from "fit.txt"
        format = z
        #datapoints = 4
        residuals are weighted equally (unit weight)

function used for fitting: M(x)
	M(x)=(c1*(x**(-1)))+d1
fitted parameters initialized with current variable values

iter      chisq       delta/lim  lambda   c1            d1           
   0 5.5980606742e-08   0.00e+00  8.03e-03   -2.736456e-02   1.003311e-02
   1 5.5980606742e-08  -1.42e-10  8.03e-03   -2.736456e-02   1.003311e-02

After 1 iterations the fit converged.
final sum of squares of residuals : 5.59806e-08
rel. change during last iteration : -1.41852e-15

degrees of freedom    (FIT_NDF)                        : 2
rms of residuals      (FIT_STDFIT) = sqrt(WSSR/ndf)    : 0.000167303
variance of residuals (reduced chisquare) = WSSR/ndf   : 2.79903e-08

Final set of parameters            Asymptotic Standard Error
=======================            ==========================
c1              = -0.0273646       +/- 0.00208      (7.603%)
d1              = 0.0100331        +/- 0.0004038    (4.025%)

correlation matrix of the fit parameters:
                c1     d1     
c1              1.000 
d1             -0.978  1.000 


*******************************************************************************
Mon Jul 10 15:37:07 2017


FIT:    data read from "fit.txt"
        format = z
        #datapoints = 4
        residuals are weighted equally (unit weight)

function used for fitting: M(x)
	M(x)=(c1*(x**(-1)))+d1
fitted parameters initialized with current variable values

iter      chisq       delta/lim  lambda   c1            d1           
   0 5.6241413965e+00   0.00e+00  7.20e-01    1.000000e+00   1.000000e+00
   5 5.5980606742e-08  -7.16e-04  7.20e-06   -2.736456e-02   1.003311e-02

After 5 iterations the fit converged.
final sum of squares of residuals : 5.59806e-08
rel. change during last iteration : -7.15731e-09

degrees of freedom    (FIT_NDF)                        : 2
rms of residuals      (FIT_STDFIT) = sqrt(WSSR/ndf)    : 0.000167303
variance of residuals (reduced chisquare) = WSSR/ndf   : 2.79903e-08

Final set of parameters            Asymptotic Standard Error
=======================            ==========================
c1              = -0.0273646       +/- 0.00208      (7.603%)
d1              = 0.0100331        +/- 0.0004038    (4.025%)

correlation matrix of the fit parameters:
                c1     d1     
c1              1.000 
d1             -0.978  1.000 


*******************************************************************************
Mon Jul 10 15:37:36 2017


FIT:    data read from "fit.txt"
        format = z
        #datapoints = 4
        residuals are weighted equally (unit weight)

function used for fitting: M(x)
	M(x)=(c1*(x**(-1)))+d1
fitted parameters initialized with current variable values

iter      chisq       delta/lim  lambda   c1            d1           
   0 5.5980606742e-08   0.00e+00  8.03e-03   -2.736456e-02   1.003311e-02
   1 5.5980606742e-08  -1.42e-10  8.03e-03   -2.736456e-02   1.003311e-02

After 1 iterations the fit converged.
final sum of squares of residuals : 5.59806e-08
rel. change during last iteration : -1.41852e-15

degrees of freedom    (FIT_NDF)                        : 2
rms of residuals      (FIT_STDFIT) = sqrt(WSSR/ndf)    : 0.000167303
variance of residuals (reduced chisquare) = WSSR/ndf   : 2.79903e-08

Final set of parameters            Asymptotic Standard Error
=======================            ==========================
c1              = -0.0273646       +/- 0.00208      (7.603%)
d1              = 0.0100331        +/- 0.0004038    (4.025%)

correlation matrix of the fit parameters:
                c1     d1     
c1              1.000 
d1             -0.978  1.000 


*******************************************************************************
Mon Jul 10 15:39:06 2017


FIT:    data read from "fit.txt"
        format = z
        #datapoints = 4
        residuals are weighted equally (unit weight)

function used for fitting: M(x)
	M(x)=(c1*(x**(-1)))+d1
fitted parameters initialized with current variable values

iter      chisq       delta/lim  lambda   c1            d1           
   0 4.5191608501e-05   0.00e+00  8.03e-03   -2.736456e-02   1.003311e-02
   4 3.1191719737e-08  -3.07e-01  8.03e-07   -1.438087e-02   4.248481e-03

After 4 iterations the fit converged.
final sum of squares of residuals : 3.11917e-08
rel. change during last iteration : -3.06957e-06

degrees of freedom    (FIT_NDF)                        : 2
rms of residuals      (FIT_STDFIT) = sqrt(WSSR/ndf)    : 0.000124883
variance of residuals (reduced chisquare) = WSSR/ndf   : 1.55959e-08

Final set of parameters            Asymptotic Standard Error
=======================            ==========================
c1              = -0.0143809       +/- 0.001553     (10.8%)
d1              = 0.00424848       +/- 0.0003014    (7.095%)

correlation matrix of the fit parameters:
                c1     d1     
c1              1.000 
d1             -0.978  1.000 


*******************************************************************************
Mon Jul 10 15:39:10 2017


FIT:    data read from "fit.txt"
        format = z
        #datapoints = 4
        residuals are weighted equally (unit weight)

function used for fitting: M(x)
	M(x)=(c1*(x**(-1)))+d1
fitted parameters initialized with current variable values

iter      chisq       delta/lim  lambda   c1            d1           
   0 5.6554818715e+00   0.00e+00  7.20e-01    1.000000e+00   1.000000e+00
   5 3.1191719737e-08  -1.24e-03  7.20e-06   -1.438087e-02   4.248481e-03

After 5 iterations the fit converged.
final sum of squares of residuals : 3.11917e-08
rel. change during last iteration : -1.24178e-08

degrees of freedom    (FIT_NDF)                        : 2
rms of residuals      (FIT_STDFIT) = sqrt(WSSR/ndf)    : 0.000124883
variance of residuals (reduced chisquare) = WSSR/ndf   : 1.55959e-08

Final set of parameters            Asymptotic Standard Error
=======================            ==========================
c1              = -0.0143809       +/- 0.001553     (10.8%)
d1              = 0.00424848       +/- 0.0003014    (7.095%)

correlation matrix of the fit parameters:
                c1     d1     
c1              1.000 
d1             -0.978  1.000 


*******************************************************************************
Mon Jul 10 15:40:29 2017


FIT:    data read from "fit.txt"
        format = z
        #datapoints = 6
        residuals are weighted equally (unit weight)

function used for fitting: M(x)
	M(x)=(c1*(x**(-1)))+d1
fitted parameters initialized with current variable values

iter      chisq       delta/lim  lambda   c1            d1           
   0 1.4609600249e-05   0.00e+00  3.41e-03   -1.438087e-02   4.248481e-03
   4 2.6543447218e-07  -4.16e-06  3.41e-07   -6.726638e-03   1.798021e-03

After 4 iterations the fit converged.
final sum of squares of residuals : 2.65434e-07
rel. change during last iteration : -4.15857e-11

degrees of freedom    (FIT_NDF)                        : 4
rms of residuals      (FIT_STDFIT) = sqrt(WSSR/ndf)    : 0.000257602
variance of residuals (reduced chisquare) = WSSR/ndf   : 6.63586e-08

Final set of parameters            Asymptotic Standard Error
=======================            ==========================
c1              = -0.00672664      +/- 0.001267     (18.84%)
d1              = 0.00179802       +/- 0.0002019    (11.23%)

correlation matrix of the fit parameters:
                c1     d1     
c1              1.000 
d1             -0.854  1.000 


*******************************************************************************
Mon Jul 10 16:07:47 2017


FIT:    data read from "fit.txt"
        format = z
        #datapoints = 6
        residuals are weighted equally (unit weight)

function used for fitting: M(x)
	M(x)=(c1*(x**(-1)))+d1
fitted parameters initialized with current variable values

iter      chisq       delta/lim  lambda   c1            d1           
   0 7.7725413012e+00   0.00e+00  7.16e-01    1.000000e+00   1.000000e+00
   5 2.6543447218e-07  -3.12e-08  7.16e-06   -6.726638e-03   1.798021e-03

After 5 iterations the fit converged.
final sum of squares of residuals : 2.65434e-07
rel. change during last iteration : -3.11932e-13

degrees of freedom    (FIT_NDF)                        : 4
rms of residuals      (FIT_STDFIT) = sqrt(WSSR/ndf)    : 0.000257602
variance of residuals (reduced chisquare) = WSSR/ndf   : 6.63586e-08

Final set of parameters            Asymptotic Standard Error
=======================            ==========================
c1              = -0.00672664      +/- 0.001267     (18.84%)
d1              = 0.00179802       +/- 0.0002019    (11.23%)

correlation matrix of the fit parameters:
                c1     d1     
c1              1.000 
d1             -0.854  1.000 


*******************************************************************************
Mon Jul 10 16:08:30 2017


FIT:    data read from "fit.txt"
        format = z
        #datapoints = 6
        residuals are weighted equally (unit weight)

function used for fitting: M(x)
	M(x)=(c1*(x**(-1)))+d1
fitted parameters initialized with current variable values

iter      chisq       delta/lim  lambda   c1            d1           
   0 7.7756362451e+00   0.00e+00  7.16e-01    1.000000e+00   1.000000e+00
   5 4.4352034256e-07  -1.87e-08  7.16e-06   -7.866503e-03   1.732805e-03

After 5 iterations the fit converged.
final sum of squares of residuals : 4.4352e-07
rel. change during last iteration : -1.86682e-13

degrees of freedom    (FIT_NDF)                        : 4
rms of residuals      (FIT_STDFIT) = sqrt(WSSR/ndf)    : 0.000332987
variance of residuals (reduced chisquare) = WSSR/ndf   : 1.1088e-07

Final set of parameters            Asymptotic Standard Error
=======================            ==========================
c1              = -0.0078665       +/- 0.001638     (20.82%)
d1              = 0.00173281       +/- 0.0002609    (15.06%)

correlation matrix of the fit parameters:
                c1     d1     
c1              1.000 
d1             -0.854  1.000 


*******************************************************************************
Mon Jul 10 16:09:53 2017


FIT:    data read from "fit.txt"
        format = z
        #datapoints = 6
        residuals are weighted equally (unit weight)

function used for fitting: M(x)
	M(x)=(c1*(x**(-2)))+d1
fitted parameters initialized with current variable values

iter      chisq       delta/lim  lambda   c1            d1           
   0 6.5038573686e-06   0.00e+00  1.24e-03   -7.866503e-03   1.732805e-03
   4 8.9695036176e-07  -4.80e-04  1.24e-07   -2.726336e-02   1.355043e-03

After 4 iterations the fit converged.
final sum of squares of residuals : 8.9695e-07
rel. change during last iteration : -4.79905e-09

degrees of freedom    (FIT_NDF)                        : 4
rms of residuals      (FIT_STDFIT) = sqrt(WSSR/ndf)    : 0.000473537
variance of residuals (reduced chisquare) = WSSR/ndf   : 2.24238e-07

Final set of parameters            Asymptotic Standard Error
=======================            ==========================
c1              = -0.0272634       +/- 0.0089       (32.64%)
d1              = 0.00135504       +/- 0.0002973    (21.94%)

correlation matrix of the fit parameters:
                c1     d1     
c1              1.000 
d1             -0.760  1.000 


*******************************************************************************
Mon Jul 10 16:11:17 2017


FIT:    data read from "fit.txt"
        format = z
        #datapoints = 6
        residuals are weighted equally (unit weight)

function used for fitting: M(x)
	M(x)=(c1*(x**(-2)))+d1+(c2*(x**(-1)))
fitted parameters initialized with current variable values

iter      chisq       delta/lim  lambda   c1            d1            c2           
   0 1.5235204131e-01   0.00e+00  9.20e-02   -2.726336e-02   1.355043e-03   1.000000e+00
   6 2.5461289070e-07  -4.89e-04  9.20e-08    3.444975e-02   2.049529e-03  -1.662539e-02

After 6 iterations the fit converged.
final sum of squares of residuals : 2.54613e-07
rel. change during last iteration : -4.89496e-09

degrees of freedom    (FIT_NDF)                        : 3
rms of residuals      (FIT_STDFIT) = sqrt(WSSR/ndf)    : 0.000291326
variance of residuals (reduced chisquare) = WSSR/ndf   : 8.4871e-08

Final set of parameters            Asymptotic Standard Error
=======================            ==========================
c1              = 0.0344498        +/- 0.02309      (67.03%)
d1              = 0.00204953       +/- 0.0003117    (15.21%)
c2              = -0.0166254       +/- 0.006043     (36.35%)

correlation matrix of the fit parameters:
                c1     d1     c2     
c1              1.000 
d1              0.681  1.000 
c2             -0.971 -0.810  1.000 


*******************************************************************************
Mon Jul 10 16:11:19 2017


FIT:    data read from "fit.txt"
        format = z
        #datapoints = 6
        residuals are weighted equally (unit weight)

function used for fitting: M(x)
	M(x)=(c1*(x**(-2)))+d1+(c2*(x**(-1)))
fitted parameters initialized with current variable values

iter      chisq       delta/lim  lambda   c1            d1            c2           
   0 8.1492616914e+00   0.00e+00  5.85e-01    1.000000e+00   1.000000e+00   1.000000e+00
   6 2.5461289070e-07  -2.37e-09  5.85e-07    3.444975e-02   2.049529e-03  -1.662539e-02

After 6 iterations the fit converged.
final sum of squares of residuals : 2.54613e-07
rel. change during last iteration : -2.37031e-14

degrees of freedom    (FIT_NDF)                        : 3
rms of residuals      (FIT_STDFIT) = sqrt(WSSR/ndf)    : 0.000291326
variance of residuals (reduced chisquare) = WSSR/ndf   : 8.4871e-08

Final set of parameters            Asymptotic Standard Error
=======================            ==========================
c1              = 0.0344498        +/- 0.02309      (67.03%)
d1              = 0.00204953       +/- 0.0003117    (15.21%)
c2              = -0.0166254       +/- 0.006043     (36.35%)

correlation matrix of the fit parameters:
                c1     d1     c2     
c1              1.000 
d1              0.681  1.000 
c2             -0.971 -0.810  1.000 


*******************************************************************************
Mon Jul 10 16:11:42 2017


FIT:    data read from "fit.txt"
        format = z
        #datapoints = 6
        residuals are weighted equally (unit weight)

function used for fitting: M(x)
	M(x)=(c1*(x**(-2)))+d1
fitted parameters initialized with current variable values

iter      chisq       delta/lim  lambda   c1            d1           
   0 4.2343681915e-05   0.00e+00  1.66e-03    3.444975e-02   2.049529e-03
   4 8.9695036176e-07  -1.57e-07  1.66e-07   -2.726336e-02   1.355043e-03

After 4 iterations the fit converged.
final sum of squares of residuals : 8.9695e-07
rel. change during last iteration : -1.56655e-12

degrees of freedom    (FIT_NDF)                        : 4
rms of residuals      (FIT_STDFIT) = sqrt(WSSR/ndf)    : 0.000473537
variance of residuals (reduced chisquare) = WSSR/ndf   : 2.24238e-07

Final set of parameters            Asymptotic Standard Error
=======================            ==========================
c1              = -0.0272634       +/- 0.0089       (32.64%)
d1              = 0.00135504       +/- 0.0002973    (21.94%)

correlation matrix of the fit parameters:
                c1     d1     
c1              1.000 
d1             -0.760  1.000 


*******************************************************************************
Mon Jul 10 16:18:55 2017


FIT:    data read from "fit.txt"
        format = z
        #datapoints = 6
        residuals are weighted equally (unit weight)

function used for fitting: M(x)
	M(x)=(c1*(x**(-1)))+d1
fitted parameters initialized with current variable values

iter      chisq       delta/lim  lambda   c1            d1           
   0 7.8036391220e+00   0.00e+00  7.16e-01    1.000000e+00   1.000000e+00
   5 1.3144139115e-05  -6.57e-10  7.16e-06   -1.956395e-02   1.342581e-03

After 5 iterations the fit converged.
final sum of squares of residuals : 1.31441e-05
rel. change during last iteration : -6.57307e-15

degrees of freedom    (FIT_NDF)                        : 4
rms of residuals      (FIT_STDFIT) = sqrt(WSSR/ndf)    : 0.00181274
variance of residuals (reduced chisquare) = WSSR/ndf   : 3.28603e-06

Final set of parameters            Asymptotic Standard Error
=======================            ==========================
c1              = -0.019564        +/- 0.008916     (45.58%)
d1              = 0.00134258       +/- 0.00142      (105.8%)

correlation matrix of the fit parameters:
                c1     d1     
c1              1.000 
d1             -0.854  1.000 


*******************************************************************************
Mon Jul 10 16:19:51 2017


FIT:    data read from "fit.txt"
        format = z
        #datapoints = 6
        residuals are weighted equally (unit weight)

function used for fitting: M(x)
	M(x)=(c1*(x**(-1)))+d1
fitted parameters initialized with current variable values

iter      chisq       delta/lim  lambda   c1            d1           
   0 1.3144139115e-05   0.00e+00  2.40e-03   -1.956395e-02   1.342581e-03
   1 1.3144139115e-05   0.00e+00  2.40e-02   -1.956395e-02   1.342581e-03

After 1 iterations the fit converged.
final sum of squares of residuals : 1.31441e-05
rel. change during last iteration : 0

degrees of freedom    (FIT_NDF)                        : 4
rms of residuals      (FIT_STDFIT) = sqrt(WSSR/ndf)    : 0.00181274
variance of residuals (reduced chisquare) = WSSR/ndf   : 3.28603e-06

Final set of parameters            Asymptotic Standard Error
=======================            ==========================
c1              = -0.019564        +/- 0.008916     (45.58%)
d1              = 0.00134258       +/- 0.00142      (105.8%)

correlation matrix of the fit parameters:
                c1     d1     
c1              1.000 
d1             -0.854  1.000 


*******************************************************************************
Mon Jul 10 16:20:29 2017


FIT:    data read from "fit.txt"
        format = z
        #datapoints = 4
        residuals are weighted equally (unit weight)

function used for fitting: M(x)
	M(x)=(c1*(x**(-1)))+d1
fitted parameters initialized with current variable values

iter      chisq       delta/lim  lambda   c1            d1           
   0 5.6959646699e+00   0.00e+00  7.20e-01    1.000000e+00   1.000000e+00
   5 5.2015932367e-08  -6.78e-04  7.20e-06    2.137630e-02  -6.840075e-03

After 5 iterations the fit converged.
final sum of squares of residuals : 5.20159e-08
rel. change during last iteration : -6.77858e-09

degrees of freedom    (FIT_NDF)                        : 2
rms of residuals      (FIT_STDFIT) = sqrt(WSSR/ndf)    : 0.00016127
variance of residuals (reduced chisquare) = WSSR/ndf   : 2.6008e-08

Final set of parameters            Asymptotic Standard Error
=======================            ==========================
c1              = 0.0213763        +/- 0.002005     (9.382%)
d1              = -0.00684007      +/- 0.0003892    (5.691%)

correlation matrix of the fit parameters:
                c1     d1     
c1              1.000 
d1             -0.978  1.000 


*******************************************************************************
Mon Jul 10 16:20:32 2017


FIT:    data read from "fit.txt"
        format = z
        #datapoints = 4
        residuals are weighted equally (unit weight)

function used for fitting: M(x)
	M(x)=(c1*(x**(-1)))+d1
fitted parameters initialized with current variable values

iter      chisq       delta/lim  lambda   c1            d1           
   0 5.6959646699e+00   0.00e+00  7.20e-01    1.000000e+00   1.000000e+00
   5 5.2015932367e-08  -6.78e-04  7.20e-06    2.137630e-02  -6.840075e-03

After 5 iterations the fit converged.
final sum of squares of residuals : 5.20159e-08
rel. change during last iteration : -6.77858e-09

degrees of freedom    (FIT_NDF)                        : 2
rms of residuals      (FIT_STDFIT) = sqrt(WSSR/ndf)    : 0.00016127
variance of residuals (reduced chisquare) = WSSR/ndf   : 2.6008e-08

Final set of parameters            Asymptotic Standard Error
=======================            ==========================
c1              = 0.0213763        +/- 0.002005     (9.382%)
d1              = -0.00684007      +/- 0.0003892    (5.691%)

correlation matrix of the fit parameters:
                c1     d1     
c1              1.000 
d1             -0.978  1.000 


*******************************************************************************
Mon Jul 10 16:40:43 2017


FIT:    data read from "fit.txt"
        format = z
        #datapoints = 8
        residuals are weighted equally (unit weight)

function used for fitting: M(x)
	M(x)=(c1*(x**(-1)))+d1
fitted parameters initialized with current variable values

iter      chisq       delta/lim  lambda   c1            d1           
   0 1.1363926463e+01   0.00e+00  7.20e-01    1.000000e+00   1.000000e+00
   5 1.9621172729e-05  -9.56e-08  7.20e-06    9.226483e-03  -3.047434e-03

After 5 iterations the fit converged.
final sum of squares of residuals : 1.96212e-05
rel. change during last iteration : -9.55942e-13

degrees of freedom    (FIT_NDF)                        : 6
rms of residuals      (FIT_STDFIT) = sqrt(WSSR/ndf)    : 0.00180837
variance of residuals (reduced chisquare) = WSSR/ndf   : 3.2702e-06

Final set of parameters            Asymptotic Standard Error
=======================            ==========================
c1              = 0.00922648       +/- 0.0159       (172.3%)
d1              = -0.00304743      +/- 0.003086     (101.3%)

correlation matrix of the fit parameters:
                c1     d1     
c1              1.000 
d1             -0.978  1.000 


*******************************************************************************
Mon Jul 10 16:41:05 2017


FIT:    data read from "fit.txt"
        format = z
        #datapoints = 8
        residuals are weighted equally (unit weight)

function used for fitting: M(x)
	M(x)=(c1*(x**(-1)))+d1
fitted parameters initialized with current variable values

iter      chisq       delta/lim  lambda   c1            d1           
   0 1.9621172729e-05   0.00e+00  2.50e-03    9.226483e-03  -3.047434e-03
   1 1.9621172729e-05   0.00e+00  2.50e-04    9.226483e-03  -3.047434e-03

After 1 iterations the fit converged.
final sum of squares of residuals : 1.96212e-05
rel. change during last iteration : 0

degrees of freedom    (FIT_NDF)                        : 6
rms of residuals      (FIT_STDFIT) = sqrt(WSSR/ndf)    : 0.00180837
variance of residuals (reduced chisquare) = WSSR/ndf   : 3.2702e-06

Final set of parameters            Asymptotic Standard Error
=======================            ==========================
c1              = 0.00922648       +/- 0.0159       (172.3%)
d1              = -0.00304743      +/- 0.003086     (101.3%)

correlation matrix of the fit parameters:
                c1     d1     
c1              1.000 
d1             -0.978  1.000 


*******************************************************************************
Mon Jul 10 16:41:12 2017


FIT:    data read from "fit.txt"
        format = z
        #datapoints = 8
        residuals are weighted equally (unit weight)

function used for fitting: M(x)
	M(x)=(c1*(x**(-1)))+d1
fitted parameters initialized with current variable values

iter      chisq       delta/lim  lambda   c1            d1           
   0 1.1363926463e+01   0.00e+00  7.20e-01    1.000000e+00   1.000000e+00
   5 1.9621172729e-05  -9.56e-08  7.20e-06    9.226483e-03  -3.047434e-03

After 5 iterations the fit converged.
final sum of squares of residuals : 1.96212e-05
rel. change during last iteration : -9.55942e-13

degrees of freedom    (FIT_NDF)                        : 6
rms of residuals      (FIT_STDFIT) = sqrt(WSSR/ndf)    : 0.00180837
variance of residuals (reduced chisquare) = WSSR/ndf   : 3.2702e-06

Final set of parameters            Asymptotic Standard Error
=======================            ==========================
c1              = 0.00922648       +/- 0.0159       (172.3%)
d1              = -0.00304743      +/- 0.003086     (101.3%)

correlation matrix of the fit parameters:
                c1     d1     
c1              1.000 
d1             -0.978  1.000 


*******************************************************************************
Mon Jul 10 16:41:47 2017


FIT:    data read from "fit.txt"
        format = z
        #datapoints = 4
        residuals are weighted equally (unit weight)

function used for fitting: M(x)
	M(x)=(c1*(x**(-1)))+d1
fitted parameters initialized with current variable values

iter      chisq       delta/lim  lambda   c1            d1           
   0 9.7862409348e-06   0.00e+00  2.50e-03    9.226483e-03  -3.047434e-03
   5 3.3250730087e-09  -2.49e-10  2.50e-08   -2.923335e-03   7.452075e-04

After 5 iterations the fit converged.
final sum of squares of residuals : 3.32507e-09
rel. change during last iteration : -2.48771e-15

degrees of freedom    (FIT_NDF)                        : 2
rms of residuals      (FIT_STDFIT) = sqrt(WSSR/ndf)    : 4.07742e-05
variance of residuals (reduced chisquare) = WSSR/ndf   : 1.66254e-09

Final set of parameters            Asymptotic Standard Error
=======================            ==========================
c1              = -0.00292333      +/- 0.000507     (17.34%)
d1              = 0.000745207      +/- 9.841e-05    (13.21%)

correlation matrix of the fit parameters:
                c1     d1     
c1              1.000 
d1             -0.978  1.000 


*******************************************************************************
Mon Jul 10 16:41:49 2017


FIT:    data read from "fit.txt"
        format = z
        #datapoints = 4
        residuals are weighted equally (unit weight)

function used for fitting: M(x)
	M(x)=(c1*(x**(-1)))+d1
fitted parameters initialized with current variable values

iter      chisq       delta/lim  lambda   c1            d1           
   0 5.6679617931e+00   0.00e+00  7.20e-01    1.000000e+00   1.000000e+00
   5 3.3250730087e-09  -1.13e-02  7.20e-06   -2.923335e-03   7.452075e-04

After 5 iterations the fit converged.
final sum of squares of residuals : 3.32507e-09
rel. change during last iteration : -1.1309e-07

degrees of freedom    (FIT_NDF)                        : 2
rms of residuals      (FIT_STDFIT) = sqrt(WSSR/ndf)    : 4.07742e-05
variance of residuals (reduced chisquare) = WSSR/ndf   : 1.66254e-09

Final set of parameters            Asymptotic Standard Error
=======================            ==========================
c1              = -0.00292333      +/- 0.000507     (17.34%)
d1              = 0.000745207      +/- 9.841e-05    (13.21%)

correlation matrix of the fit parameters:
                c1     d1     
c1              1.000 
d1             -0.978  1.000 


*******************************************************************************
Mon Jul 10 17:41:24 2017


FIT:    data read from "fit.txt"
        format = z
        #datapoints = 8
        residuals are weighted equally (unit weight)

function used for fitting: M(x)
	M(x)=(c1*(x**(-1)))+d1
fitted parameters initialized with current variable values

iter      chisq       delta/lim  lambda   c1            d1           
   0 1.1346157039e+01   0.00e+00  7.20e-01    1.000000e+00   1.000000e+00
   5 2.9642672234e-06  -6.42e-07  7.20e-06    3.613900e-03  -1.042300e-03

After 5 iterations the fit converged.
final sum of squares of residuals : 2.96427e-06
rel. change during last iteration : -6.42318e-12

degrees of freedom    (FIT_NDF)                        : 6
rms of residuals      (FIT_STDFIT) = sqrt(WSSR/ndf)    : 0.000702883
variance of residuals (reduced chisquare) = WSSR/ndf   : 4.94045e-07

Final set of parameters            Asymptotic Standard Error
=======================            ==========================
c1              = 0.0036139        +/- 0.00618      (171%)
d1              = -0.0010423       +/- 0.0012       (115.1%)

correlation matrix of the fit parameters:
                c1     d1     
c1              1.000 
d1             -0.978  1.000 


*******************************************************************************
Mon Jul 10 17:41:57 2017


FIT:    data read from "fit.txt"
        format = z
        #datapoints = 4
        residuals are weighted equally (unit weight)

function used for fitting: M(x)
	M(x)=(c1*(x**(-1)))+d1
fitted parameters initialized with current variable values

iter      chisq       delta/lim  lambda   c1            d1           
   0 5.6781952458e+00   0.00e+00  7.20e-01    1.000000e+00   1.000000e+00
   5 2.1446473778e-08  -1.69e-03  7.20e-06    1.015113e-02  -2.829807e-03

After 5 iterations the fit converged.
final sum of squares of residuals : 2.14465e-08
rel. change during last iteration : -1.69452e-08

degrees of freedom    (FIT_NDF)                        : 2
rms of residuals      (FIT_STDFIT) = sqrt(WSSR/ndf)    : 0.000103553
variance of residuals (reduced chisquare) = WSSR/ndf   : 1.07232e-08

Final set of parameters            Asymptotic Standard Error
=======================            ==========================
c1              = 0.0101511        +/- 0.001288     (12.69%)
d1              = -0.00282981      +/- 0.0002499    (8.832%)

correlation matrix of the fit parameters:
                c1     d1     
c1              1.000 
d1             -0.978  1.000 


*******************************************************************************
Mon Jul 10 17:44:52 2017


FIT:    data read from "fit.txt"
        format = z
        #datapoints = 4
        residuals are weighted equally (unit weight)

function used for fitting: M(x)
	M(x)=(c1*(x**(-1)))+d1
fitted parameters initialized with current variable values

iter      chisq       delta/lim  lambda   c1            d1           
   0 5.6727002759e+00   0.00e+00  7.20e-01    1.000000e+00   1.000000e+00
   5 6.6876113721e-09  -5.52e-03  7.20e-06    4.507101e-03  -1.173540e-03

After 5 iterations the fit converged.
final sum of squares of residuals : 6.68761e-09
rel. change during last iteration : -5.51551e-08

degrees of freedom    (FIT_NDF)                        : 2
rms of residuals      (FIT_STDFIT) = sqrt(WSSR/ndf)    : 5.78256e-05
variance of residuals (reduced chisquare) = WSSR/ndf   : 3.34381e-09

Final set of parameters            Asymptotic Standard Error
=======================            ==========================
c1              = 0.0045071        +/- 0.0007191    (15.95%)
d1              = -0.00117354      +/- 0.0001396    (11.89%)

correlation matrix of the fit parameters:
                c1     d1     
c1              1.000 
d1             -0.978  1.000 


*******************************************************************************
Mon Jul 10 17:45:43 2017


FIT:    data read from "fit.txt"
        format = z
        #datapoints = 4
        residuals are weighted equally (unit weight)

function used for fitting: M(x)
	M(x)=(c1*(x**(-1)))+d1
fitted parameters initialized with current variable values

iter      chisq       delta/lim  lambda   c1            d1           
   0 5.6708339723e+00   0.00e+00  7.20e-01    1.000000e+00   1.000000e+00
   5 1.7620028830e-09  -2.11e-02  7.20e-06    1.941969e-03  -4.869740e-04

After 5 iterations the fit converged.
final sum of squares of residuals : 1.762e-09
rel. change during last iteration : -2.10743e-07

degrees of freedom    (FIT_NDF)                        : 2
rms of residuals      (FIT_STDFIT) = sqrt(WSSR/ndf)    : 2.96817e-05
variance of residuals (reduced chisquare) = WSSR/ndf   : 8.81001e-10

Final set of parameters            Asymptotic Standard Error
=======================            ==========================
c1              = 0.00194197       +/- 0.0003691    (19.01%)
d1              = -0.000486974     +/- 7.164e-05    (14.71%)

correlation matrix of the fit parameters:
                c1     d1     
c1              1.000 
d1             -0.978  1.000 


*******************************************************************************
Mon Jul 10 17:47:34 2017


FIT:    data read from "fit.txt"
        format = z
        #datapoints = 4
        residuals are weighted equally (unit weight)

function used for fitting: M(x)
	M(x)=(c1*(x**(-1)))+d1
fitted parameters initialized with current variable values

iter      chisq       delta/lim  lambda   c1            d1           
   0 5.6690599235e+00   0.00e+00  7.20e-01    1.000000e+00   1.000000e+00
   5 8.3926271475e-10  -4.46e-02  7.20e-06   -1.254792e-03   3.107366e-04

After 5 iterations the fit converged.
final sum of squares of residuals : 8.39263e-10
rel. change during last iteration : -4.46124e-07

degrees of freedom    (FIT_NDF)                        : 2
rms of residuals      (FIT_STDFIT) = sqrt(WSSR/ndf)    : 2.04849e-05
variance of residuals (reduced chisquare) = WSSR/ndf   : 4.19631e-10

Final set of parameters            Asymptotic Standard Error
=======================            ==========================
c1              = -0.00125479      +/- 0.0002547    (20.3%)
d1              = 0.000310737      +/- 4.944e-05    (15.91%)

correlation matrix of the fit parameters:
                c1     d1     
c1              1.000 
d1             -0.978  1.000 


*******************************************************************************
Thu Aug 10 14:16:33 2017


FIT:    data read from "fit.txt"
        format = z
        #datapoints = 7
        residuals are weighted equally (unit weight)

function used for fitting: M(x)
	M(x)=(c1*(x**(-1)))+d1
fitted parameters initialized with current variable values

iter      chisq       delta/lim  lambda   c1            d1           
   0 9.8233247175e+00   0.00e+00  7.19e-01    1.000000e+00   1.000000e+00
   5 7.3635840431e-05  -1.30e-07  7.19e-06    2.318190e-02  -7.022360e-03

After 5 iterations the fit converged.
final sum of squares of residuals : 7.36358e-05
rel. change during last iteration : -1.3049e-12

degrees of freedom    (FIT_NDF)                        : 5
rms of residuals      (FIT_STDFIT) = sqrt(WSSR/ndf)    : 0.0038376
variance of residuals (reduced chisquare) = WSSR/ndf   : 1.47272e-05

Final set of parameters            Asymptotic Standard Error
=======================            ==========================
c1              = 0.0231819        +/- 0.0409       (176.4%)
d1              = -0.00702236      +/- 0.007556     (107.6%)

correlation matrix of the fit parameters:
                c1     d1     
c1              1.000 
d1             -0.981  1.000 


*******************************************************************************
Thu Aug 10 14:17:04 2017


FIT:    data read from "fit.txt"
        format = z
        #datapoints = 3
        residuals are weighted equally (unit weight)

function used for fitting: M(x)
	M(x)=(c1*(x**(-1)))+d1
fitted parameters initialized with current variable values

iter      chisq       delta/lim  lambda   c1            d1           
   0 4.0763587196e-05   0.00e+00  5.71e-03    2.318190e-02  -7.022360e-03
   5 5.3500924699e-08  -1.51e-08  5.71e-08   -1.192136e-02  -4.651090e-03

After 5 iterations the fit converged.
final sum of squares of residuals : 5.35009e-08
rel. change during last iteration : -1.50529e-13

degrees of freedom    (FIT_NDF)                        : 1
rms of residuals      (FIT_STDFIT) = sqrt(WSSR/ndf)    : 0.000231303
variance of residuals (reduced chisquare) = WSSR/ndf   : 5.35009e-08

Final set of parameters            Asymptotic Standard Error
=======================            ==========================
c1              = -0.0119214       +/- 0.005698     (47.8%)
d1              = -0.00465109      +/- 0.0009769    (21%)

correlation matrix of the fit parameters:
                c1     d1     
c1              1.000 
d1             -0.991  1.000 


*******************************************************************************
Thu Aug 10 14:17:09 2017


FIT:    data read from "fit.txt"
        format = z
        #datapoints = 3
        residuals are weighted equally (unit weight)

function used for fitting: M(x)
	M(x)=(c1*(x**(-1)))+d1
fitted parameters initialized with current variable values

iter      chisq       delta/lim  lambda   c1            d1           
   0 4.1542647939e+00   0.00e+00  7.17e-01    1.000000e+00   1.000000e+00
   5 5.3500924699e-08  -1.19e-01  7.17e-06   -1.192136e-02  -4.651090e-03

After 5 iterations the fit converged.
final sum of squares of residuals : 5.35009e-08
rel. change during last iteration : -1.19096e-06

degrees of freedom    (FIT_NDF)                        : 1
rms of residuals      (FIT_STDFIT) = sqrt(WSSR/ndf)    : 0.000231303
variance of residuals (reduced chisquare) = WSSR/ndf   : 5.35009e-08

Final set of parameters            Asymptotic Standard Error
=======================            ==========================
c1              = -0.0119214       +/- 0.005698     (47.8%)
d1              = -0.00465109      +/- 0.0009769    (21%)

correlation matrix of the fit parameters:
                c1     d1     
c1              1.000 
d1             -0.991  1.000 


*******************************************************************************
Thu Aug 10 14:20:25 2017


FIT:    data read from "fit.txt"
        format = z
        #datapoints = 3
        residuals are weighted equally (unit weight)

function used for fitting: M(x)
	M(x)=(c1*(x**(-1)))+d1
fitted parameters initialized with current variable values

iter      chisq       delta/lim  lambda   c1            d1           
   0 3.0297727484e-04   0.00e+00  3.59e-03   -1.192136e-02  -4.651090e-03
   5 1.5639731873e-09  -2.67e-07  3.59e-08    7.093627e-03   2.158968e-03

After 5 iterations the fit converged.
final sum of squares of residuals : 1.56397e-09
rel. change during last iteration : -2.66855e-12

degrees of freedom    (FIT_NDF)                        : 1
rms of residuals      (FIT_STDFIT) = sqrt(WSSR/ndf)    : 3.95471e-05
variance of residuals (reduced chisquare) = WSSR/ndf   : 1.56397e-09

Final set of parameters            Asymptotic Standard Error
=======================            ==========================
c1              = 0.00709363       +/- 0.0009742    (13.73%)
d1              = 0.00215897       +/- 0.000167     (7.737%)

correlation matrix of the fit parameters:
                c1     d1     
c1              1.000 
d1             -0.991  1.000 


*******************************************************************************
Thu Aug 10 14:30:20 2017


FIT:    data read from "fit.txt"
        format = z
        #datapoints = 4
        residuals are weighted equally (unit weight)

function used for fitting: M(x)
	M(x)=(c1*(x**(-1)))+d1
fitted parameters initialized with current variable values

iter      chisq       delta/lim  lambda   c1            d1           
   0 4.5531053037e-05   0.00e+00  1.81e-03    7.093627e-03   2.158968e-03
   4 1.0955957429e-09  -1.91e-01  1.81e-07   -1.439991e-03   4.230385e-04

After 4 iterations the fit converged.
final sum of squares of residuals : 1.0956e-09
rel. change during last iteration : -1.91263e-06

degrees of freedom    (FIT_NDF)                        : 2
rms of residuals      (FIT_STDFIT) = sqrt(WSSR/ndf)    : 2.34051e-05
variance of residuals (reduced chisquare) = WSSR/ndf   : 5.47798e-10

Final set of parameters            Asymptotic Standard Error
=======================            ==========================
c1              = -0.00143999      +/- 0.000291     (20.21%)
d1              = 0.000423038      +/- 5.649e-05    (13.35%)

correlation matrix of the fit parameters:
                c1     d1     
c1              1.000 
d1             -0.978  1.000 


*******************************************************************************
Thu Aug 10 14:32:58 2017


FIT:    data read from "fit.txt"
        format = z
        #datapoints = 4
        residuals are weighted equally (unit weight)

function used for fitting: M(x)
	M(x)=(c1*(x**(-1)))+d1
fitted parameters initialized with current variable values

iter      chisq       delta/lim  lambda   c1            d1           
   0 2.3410290623e-07   0.00e+00  3.59e-04   -1.439991e-03   4.230385e-04
   4 4.4860102967e-10  -2.22e-01  3.59e-08    7.876251e-04  -2.244229e-04

After 4 iterations the fit converged.
final sum of squares of residuals : 4.48601e-10
rel. change during last iteration : -2.21861e-06

degrees of freedom    (FIT_NDF)                        : 2
rms of residuals      (FIT_STDFIT) = sqrt(WSSR/ndf)    : 1.49767e-05
variance of residuals (reduced chisquare) = WSSR/ndf   : 2.24301e-10

Final set of parameters            Asymptotic Standard Error
=======================            ==========================
c1              = 0.000787625      +/- 0.0001862    (23.65%)
d1              = -0.000224423     +/- 3.615e-05    (16.11%)

correlation matrix of the fit parameters:
                c1     d1     
c1              1.000 
d1             -0.978  1.000 


*******************************************************************************
Thu Aug 10 14:33:27 2017


FIT:    data read from "fit.txt"
        format = z
        #datapoints = 4
        residuals are weighted equally (unit weight)

function used for fitting: M(x)
	M(x)=(c1*(x**(-1)))+d1
fitted parameters initialized with current variable values

iter      chisq       delta/lim  lambda   c1            d1           
   0 1.0617872638e-07   0.00e+00  1.92e-04    7.876251e-04  -2.244229e-04
   4 4.4860102967e-10  -1.01e-01  1.92e-08   -7.876251e-04   2.244229e-04

After 4 iterations the fit converged.
final sum of squares of residuals : 4.48601e-10
rel. change during last iteration : -1.00814e-06

degrees of freedom    (FIT_NDF)                        : 2
rms of residuals      (FIT_STDFIT) = sqrt(WSSR/ndf)    : 1.49767e-05
variance of residuals (reduced chisquare) = WSSR/ndf   : 2.24301e-10

Final set of parameters            Asymptotic Standard Error
=======================            ==========================
c1              = -0.000787625     +/- 0.0001862    (23.65%)
d1              = 0.000224423      +/- 3.615e-05    (16.11%)

correlation matrix of the fit parameters:
                c1     d1     
c1              1.000 
d1             -0.978  1.000 


*******************************************************************************
Thu Aug 10 14:37:44 2017


FIT:    data read from "fit.txt"
        format = z
        #datapoints = 4
        residuals are weighted equally (unit weight)

function used for fitting: M(x)
	M(x)=(c1*(x**(-1)))+d1
fitted parameters initialized with current variable values

iter      chisq       delta/lim  lambda   c1            d1           
   0 6.4917104743e-09   0.00e+00  1.92e-04   -7.876251e-04   2.244229e-04
   4 4.0276259260e-11  -5.30e-02  1.92e-08   -4.541556e-04   1.232474e-04

After 4 iterations the fit converged.
final sum of squares of residuals : 4.02763e-11
rel. change during last iteration : -5.29847e-07

degrees of freedom    (FIT_NDF)                        : 2
rms of residuals      (FIT_STDFIT) = sqrt(WSSR/ndf)    : 4.48755e-06
variance of residuals (reduced chisquare) = WSSR/ndf   : 2.01381e-11

Final set of parameters            Asymptotic Standard Error
=======================            ==========================
c1              = -0.000454156     +/- 5.58e-05     (12.29%)
d1              = 0.000123247      +/- 1.083e-05    (8.788%)

correlation matrix of the fit parameters:
                c1     d1     
c1              1.000 
d1             -0.978  1.000 


*******************************************************************************
Thu Aug 10 14:37:48 2017


FIT:    data read from "fit.txt"
        format = z
        #datapoints = 4
        residuals are weighted equally (unit weight)

function used for fitting: M(x)
	M(x)=(c1*(x**(-1)))+d1
fitted parameters initialized with current variable values

iter      chisq       delta/lim  lambda   c1            d1           
   0 5.6693871229e+00   0.00e+00  7.20e-01    1.000000e+00   1.000000e+00
   5 4.0276259260e-11  -9.28e-01  7.20e-06   -4.541556e-04   1.232474e-04

After 5 iterations the fit converged.
final sum of squares of residuals : 4.02763e-11
rel. change during last iteration : -9.27701e-06

degrees of freedom    (FIT_NDF)                        : 2
rms of residuals      (FIT_STDFIT) = sqrt(WSSR/ndf)    : 4.48755e-06
variance of residuals (reduced chisquare) = WSSR/ndf   : 2.01381e-11

Final set of parameters            Asymptotic Standard Error
=======================            ==========================
c1              = -0.000454156     +/- 5.58e-05     (12.29%)
d1              = 0.000123247      +/- 1.083e-05    (8.788%)

correlation matrix of the fit parameters:
                c1     d1     
c1              1.000 
d1             -0.978  1.000 


*******************************************************************************
Thu Aug 10 14:39:41 2017


FIT:    data read from "fit.txt"
        format = z
        #datapoints = 4
        residuals are weighted equally (unit weight)

function used for fitting: M(x)
	M(x)=(c1*(x**(-1)))+d1
fitted parameters initialized with current variable values

iter      chisq       delta/lim  lambda   c1            d1           
   0 1.5027046314e-08   0.00e+00  1.07e-04   -4.541556e-04   1.232474e-04
   4 3.8587555006e-11  -1.84e-01  1.07e-08    2.212003e-04  -5.985079e-05

After 4 iterations the fit converged.
final sum of squares of residuals : 3.85876e-11
rel. change during last iteration : -1.84195e-06

degrees of freedom    (FIT_NDF)                        : 2
rms of residuals      (FIT_STDFIT) = sqrt(WSSR/ndf)    : 4.39247e-06
variance of residuals (reduced chisquare) = WSSR/ndf   : 1.92938e-11

Final set of parameters            Asymptotic Standard Error
=======================            ==========================
c1              = 0.0002212        +/- 5.462e-05    (24.69%)
d1              = -5.98508e-05     +/- 1.06e-05     (17.71%)

correlation matrix of the fit parameters:
                c1     d1     
c1              1.000 
d1             -0.978  1.000 


*******************************************************************************
Thu Aug 10 14:39:44 2017


FIT:    data read from "fit.txt"
        format = z
        #datapoints = 4
        residuals are weighted equally (unit weight)

function used for fitting: M(x)
	M(x)=(c1*(x**(-1)))+d1
fitted parameters initialized with current variable values

iter      chisq       delta/lim  lambda   c1            d1           
   0 5.6699006069e+00   0.00e+00  7.20e-01    1.000000e+00   1.000000e+00
   5 3.8587555006e-11  -9.67e-01  7.20e-06    2.212003e-04  -5.985079e-05

After 5 iterations the fit converged.
final sum of squares of residuals : 3.85876e-11
rel. change during last iteration : -9.66603e-06

degrees of freedom    (FIT_NDF)                        : 2
rms of residuals      (FIT_STDFIT) = sqrt(WSSR/ndf)    : 4.39247e-06
variance of residuals (reduced chisquare) = WSSR/ndf   : 1.92938e-11

Final set of parameters            Asymptotic Standard Error
=======================            ==========================
c1              = 0.0002212        +/- 5.462e-05    (24.69%)
d1              = -5.98508e-05     +/- 1.06e-05     (17.71%)

correlation matrix of the fit parameters:
                c1     d1     
c1              1.000 
d1             -0.978  1.000 


*******************************************************************************
Thu Aug 10 14:41:26 2017


FIT:    data read from "fit.txt"
        format = z
        #datapoints = 4
        residuals are weighted equally (unit weight)

function used for fitting: M(x)
	M(x)=(c1*(x**(-1)))+d1
fitted parameters initialized with current variable values

iter      chisq       delta/lim  lambda   c1            d1           
   0 3.8238054638e-09   0.00e+00  5.21e-05    2.212003e-04  -5.985079e-05
   4 2.8939242219e-12  -6.75e-01  5.21e-09   -1.367072e-04   3.546100e-05

After 4 iterations the fit converged.
final sum of squares of residuals : 2.89392e-12
rel. change during last iteration : -6.75163e-06

degrees of freedom    (FIT_NDF)                        : 2
rms of residuals      (FIT_STDFIT) = sqrt(WSSR/ndf)    : 1.2029e-06
variance of residuals (reduced chisquare) = WSSR/ndf   : 1.44696e-12

Final set of parameters            Asymptotic Standard Error
=======================            ==========================
c1              = -0.000136707     +/- 1.496e-05    (10.94%)
d1              = 3.5461e-05       +/- 2.903e-06    (8.187%)

correlation matrix of the fit parameters:
                c1     d1     
c1              1.000 
d1             -0.978  1.000 


*******************************************************************************
Tue Aug 22 10:02:37 2017


FIT:    data read from "fit.txt"
        format = z
        #datapoints = 2
        residuals are weighted equally (unit weight)

function used for fitting: M(x)
	M(x)=(c1*(x**(-1)))+d1
fitted parameters initialized with current variable values

iter      chisq       delta/lim  lambda   c1            d1           
   0 5.5086825734e+00   0.00e+00  7.15e-01    1.000000e+00   1.000000e+00
   6 0.0000000000e+00  -inf       7.15e-07   -9.744000e-02  -4.994200e-01

After 6 iterations the fit converged.
final sum of squares of residuals : 0
abs. change during last iteration : -1.97206e-23


Exactly as many data points as there are parameters.
In this degenerate case, all errors are zero by definition.

Final set of parameters 
======================= 

c1              = -0.09744       
d1              = -0.49942       


*******************************************************************************
Tue Aug 22 10:03:11 2017


FIT:    data read from "fit.txt"
        format = z
        #datapoints = 3
        residuals are weighted equally (unit weight)

function used for fitting: M(x)
	M(x)=(c1*(x**(-1)))+d1
fitted parameters initialized with current variable values

iter      chisq       delta/lim  lambda   c1            d1           
   0 3.3708960000e-06   0.00e+00  3.53e-01   -9.744000e-02  -4.994200e-01
   5 8.5992244898e-07  -6.98e-01  3.53e-06   -7.271021e-02  -5.032606e-01

After 5 iterations the fit converged.
final sum of squares of residuals : 8.59922e-07
rel. change during last iteration : -6.97683e-06

degrees of freedom    (FIT_NDF)                        : 1
rms of residuals      (FIT_STDFIT) = sqrt(WSSR/ndf)    : 0.00092732
variance of residuals (reduced chisquare) = WSSR/ndf   : 8.59922e-07

Final set of parameters            Asymptotic Standard Error
=======================            ==========================
c1              = -0.0727102       +/- 0.01947      (26.78%)
d1              = -0.503261        +/- 0.002598     (0.5162%)

correlation matrix of the fit parameters:
                c1     d1     
c1              1.000 
d1             -0.979  1.000 


*******************************************************************************
Tue Aug 22 10:05:13 2017


FIT:    data read from "fit.txt"
        format = z
        #datapoints = 3
        residuals are weighted equally (unit weight)

function used for fitting: M(x)
	M(x)=(c1*(x**(-2)))+d1
fitted parameters initialized with current variable values

iter      chisq       delta/lim  lambda   c1            d1           
   0 2.0879690475e-04   0.00e+00  3.56e-01   -7.271021e-02  -5.032606e-01
   6 4.8785362045e-07  -4.02e-02  3.56e-07   -2.736479e-01  -5.078821e-01

After 6 iterations the fit converged.
final sum of squares of residuals : 4.87854e-07
rel. change during last iteration : -4.02188e-07

degrees of freedom    (FIT_NDF)                        : 1
rms of residuals      (FIT_STDFIT) = sqrt(WSSR/ndf)    : 0.000698465
variance of residuals (reduced chisquare) = WSSR/ndf   : 4.87854e-07

Final set of parameters            Asymptotic Standard Error
=======================            ==========================
c1              = -0.273648        +/- 0.05435      (19.86%)
d1              = -0.507882        +/- 0.001048     (0.2064%)

correlation matrix of the fit parameters:
                c1     d1     
c1              1.000 
d1             -0.923  1.000 


*******************************************************************************
Tue Aug 22 10:05:26 2017


FIT:    data read from "fit.txt"
        format = z
        #datapoints = 3
        residuals are weighted equally (unit weight)

function used for fitting: M(x)
	M(x)=(c1*(x**(-1)))+d1
fitted parameters initialized with current variable values

iter      chisq       delta/lim  lambda   c1            d1           
   0 2.9485600481e-03   0.00e+00  3.60e-01   -2.736479e-01  -5.078821e-01
   5 8.5992244898e-07  -2.45e-02  3.60e-06   -7.271020e-02  -5.032606e-01

After 5 iterations the fit converged.
final sum of squares of residuals : 8.59922e-07
rel. change during last iteration : -2.44866e-07

degrees of freedom    (FIT_NDF)                        : 1
rms of residuals      (FIT_STDFIT) = sqrt(WSSR/ndf)    : 0.00092732
variance of residuals (reduced chisquare) = WSSR/ndf   : 8.59922e-07

Final set of parameters            Asymptotic Standard Error
=======================            ==========================
c1              = -0.0727102       +/- 0.01947      (26.78%)
d1              = -0.503261        +/- 0.002598     (0.5162%)

correlation matrix of the fit parameters:
                c1     d1     
c1              1.000 
d1             -0.979  1.000 


*******************************************************************************
Tue Aug 22 10:05:58 2017


FIT:    data read from "fit.txt"
        format = z
        #datapoints = 3
        residuals are weighted equally (unit weight)

function used for fitting: M(x)
	M(x)=(c1*(x**(-m1)))+d1
fitted parameters initialized with current variable values

iter      chisq       delta/lim  lambda   c1            d1            m1           
   0 8.5992244898e-07   0.00e+00  2.91e-01   -7.271020e-02  -5.032606e-01   1.000000e+00
   1 8.5992130970e-07  -1.32e-01  2.91e-02   -7.271020e-02  -5.032607e-01   1.000003e+00

After 1 iterations the fit converged.
final sum of squares of residuals : 8.59921e-07
rel. change during last iteration : -1.32486e-06


Exactly as many data points as there are parameters.
In this degenerate case, all errors are zero by definition.

Final set of parameters 
======================= 

c1              = -0.0727102     
d1              = -0.503261      
m1              = 1              


*******************************************************************************
Tue Aug 22 10:06:59 2017


FIT:    data read from "fit.txt"
        format = z
        #datapoints = 3
        residuals are weighted equally (unit weight)

function used for fitting: M(x)
	M(x)=(c1*(x**(-1)))+d1
fitted parameters initialized with current variable values

iter      chisq       delta/lim  lambda   c1            d1           
   0 8.5992245493e-07   0.00e+00  3.56e-01   -7.271020e-02  -5.032607e-01
   1 8.5992244910e-07  -6.78e-04  3.56e-02   -7.271020e-02  -5.032606e-01

After 1 iterations the fit converged.
final sum of squares of residuals : 8.59922e-07
rel. change during last iteration : -6.7828e-09

degrees of freedom    (FIT_NDF)                        : 1
rms of residuals      (FIT_STDFIT) = sqrt(WSSR/ndf)    : 0.00092732
variance of residuals (reduced chisquare) = WSSR/ndf   : 8.59922e-07

Final set of parameters            Asymptotic Standard Error
=======================            ==========================
c1              = -0.0727102       +/- 0.01947      (26.78%)
d1              = -0.503261        +/- 0.002598     (0.5162%)

correlation matrix of the fit parameters:
                c1     d1     
c1              1.000 
d1             -0.979  1.000 


*******************************************************************************
Tue Aug 22 10:13:34 2017


FIT:    data read from "fit.txt"
        format = z
        #datapoints = 3
        residuals are weighted equally (unit weight)

function used for fitting: M(x)
	M(x)=(c1*(x**(-1)))+d1
fitted parameters initialized with current variable values

iter      chisq       delta/lim  lambda   c1            d1           
   0 8.5992244910e-07   0.00e+00  3.56e-01   -7.271020e-02  -5.032606e-01
   1 8.5992244898e-07  -1.38e-05  3.56e-02   -7.271020e-02  -5.032606e-01

After 1 iterations the fit converged.
final sum of squares of residuals : 8.59922e-07
rel. change during last iteration : -1.38355e-10

degrees of freedom    (FIT_NDF)                        : 1
rms of residuals      (FIT_STDFIT) = sqrt(WSSR/ndf)    : 0.00092732
variance of residuals (reduced chisquare) = WSSR/ndf   : 8.59922e-07

Final set of parameters            Asymptotic Standard Error
=======================            ==========================
c1              = -0.0727102       +/- 0.01947      (26.78%)
d1              = -0.503261        +/- 0.002598     (0.5162%)

correlation matrix of the fit parameters:
                c1     d1     
c1              1.000 
d1             -0.979  1.000 


*******************************************************************************
Tue Aug 22 10:14:01 2017


FIT:    data read from "fit.txt"
        format = z
        #datapoints = 2
        residuals are weighted equally (unit weight)

function used for fitting: M(x)
	M(x)=(c1*(x**(-1)))+d1
fitted parameters initialized with current variable values

iter      chisq       delta/lim  lambda   c1            d1           
   0 7.8095049229e-07   0.00e+00  3.56e-01   -7.271020e-02  -5.032606e-01
   7 0.0000000000e+00  -inf       3.56e-08   -2.400000e-02  -5.086000e-01

After 7 iterations the fit converged.
final sum of squares of residuals : 0
abs. change during last iteration : -1.01438e-25


Exactly as many data points as there are parameters.
In this degenerate case, all errors are zero by definition.

Final set of parameters 
======================= 

c1              = -0.024         
d1              = -0.5086        


*******************************************************************************
Tue Aug 22 10:14:58 2017


FIT:    data read from "fit.txt"
        format = z
        #datapoints = 2
        residuals are weighted equally (unit weight)

function used for fitting: M(x)
	M(x)=(1*(x**(c1)))+d1
fitted parameters initialized with current variable values

iter      chisq       delta/lim  lambda   c1            d1           
   0 1.8106358365e+00   0.00e+00  3.61e-01   -2.400000e-02  -5.086000e-01
   8 1.2325951644e-32   0.00e+00  3.61e-04    2.673150e-03  -1.517174e+00

After 8 iterations the fit converged.
final sum of squares of residuals : 1.2326e-32
abs. change during last iteration : 0


Exactly as many data points as there are parameters.
In this degenerate case, all errors are zero by definition.

Final set of parameters 
======================= 

c1              = 0.00267315     
d1              = -1.51717       


*******************************************************************************
Tue Aug 22 10:15:35 2017


FIT:    data read from "fit.txt"
        format = z
        #datapoints = 2
        residuals are weighted equally (unit weight)

function used for fitting: M(x)
	M(x)=(-1*(x**(c1)))+d1
fitted parameters initialized with current variable values

iter      chisq       delta/lim  lambda   c1            d1           
   0 8.0942629486e+00   0.00e+00  1.07e+00    2.673150e-03  -1.517174e+00
   9 1.2325951644e-32   0.00e+00  1.07e-09   -2.704834e-03   4.827912e-01

After 9 iterations the fit converged.
final sum of squares of residuals : 1.2326e-32
abs. change during last iteration : 0


Exactly as many data points as there are parameters.
In this degenerate case, all errors are zero by definition.

Final set of parameters 
======================= 

c1              = -0.00270483    
d1              = 0.482791       


*******************************************************************************
Tue Aug 22 10:15:53 2017


FIT:    data read from "fit.txt"
        format = z
        #datapoints = 2
        residuals are weighted equally (unit weight)

function used for fitting: M(x)
	M(x)=(1*(x**(-1*c1)))+d1
fitted parameters initialized with current variable values

iter      chisq       delta/lim  lambda   c1            d1           
   0 8.0002817028e+00   0.00e+00  3.41e-01   -2.704834e-03   4.827912e-01
   8 6.1629758220e-32   0.00e+00  3.41e-09   -2.673150e-03  -1.517174e+00

After 8 iterations the fit converged.
final sum of squares of residuals : 6.16298e-32
abs. change during last iteration : 0


Exactly as many data points as there are parameters.
In this degenerate case, all errors are zero by definition.

Final set of parameters 
======================= 

c1              = -0.00267315    
d1              = -1.51717       


*******************************************************************************
Tue Aug 22 10:15:55 2017


FIT:    data read from "fit.txt"
        format = z
        #datapoints = 2
        residuals are weighted equally (unit weight)

function used for fitting: M(x)
	M(x)=(1*(x**(-1*c1)))+d1
fitted parameters initialized with current variable values

iter      chisq       delta/lim  lambda   c1            d1           
   0 6.1629758220e-32   0.00e+00  1.07e+00   -2.673150e-03  -1.517174e+00
   1 6.1629758220e-32   0.00e+00  1.07e-01   -2.673150e-03  -1.517174e+00

After 1 iterations the fit converged.
final sum of squares of residuals : 6.16298e-32
abs. change during last iteration : 0


Exactly as many data points as there are parameters.
In this degenerate case, all errors are zero by definition.

Final set of parameters 
======================= 

c1              = -0.00267315    
d1              = -1.51717       


*******************************************************************************
Tue Aug 22 10:16:13 2017


FIT:    data read from "fit.txt"
        format = z
        #datapoints = 3
        residuals are weighted equally (unit weight)

function used for fitting: M(x)
	M(x)=(1*(x**(-1*c1)))+d1
fitted parameters initialized with current variable values

iter      chisq       delta/lim  lambda   c1            d1           
   0 1.0804325689e-05   0.00e+00  1.07e+00   -2.673150e-03  -1.517174e+00
   7 1.3719948390e-06  -3.10e-08  1.07e-07   -9.179991e-03  -1.531827e+00

After 7 iterations the fit converged.
final sum of squares of residuals : 1.37199e-06
rel. change during last iteration : -3.1023e-13

degrees of freedom    (FIT_NDF)                        : 1
rms of residuals      (FIT_STDFIT) = sqrt(WSSR/ndf)    : 0.00117132
variance of residuals (reduced chisquare) = WSSR/ndf   : 1.37199e-06

Final set of parameters            Asymptotic Standard Error
=======================            ==========================
c1              = -0.00917999      +/- 0.003116     (33.94%)
d1              = -1.53183         +/- 0.00657      (0.4289%)

correlation matrix of the fit parameters:
                c1     d1     
c1              1.000 
d1              0.995  1.000 


*******************************************************************************
Tue Aug 22 10:17:04 2017


FIT:    data read from "fit.txt"
        format = z
        #datapoints = 3
        residuals are weighted equally (unit weight)

function used for fitting: M(x)
	M(x)=(c1*(x**(-m1)))+d1
fitted parameters initialized with current variable values

iter      chisq       delta/lim  lambda   c1            d1            m1           
   0 3.1228731335e+00   0.00e+00  8.84e-01   -9.179991e-03  -1.531827e+00   1.000003e+00
1171 0.0000000000e+00  -inf       8.84e-18   -3.791642e+02  -5.108044e-01   6.287446e+00

After 1171 iterations the fit converged.
final sum of squares of residuals : 0
abs. change during last iteration : -1.2326e-32


Exactly as many data points as there are parameters.
In this degenerate case, all errors are zero by definition.

Final set of parameters 
======================= 

c1              = -379.164       
d1              = -0.510804      
m1              = 6.28745        


*******************************************************************************
Tue Aug 22 10:17:23 2017


FIT:    data read from "fit.txt"
        format = z
        #datapoints = 3
        residuals are weighted equally (unit weight)

function used for fitting: M(x)
	M(x)=((x**(-m1)))+d1
fitted parameters initialized with current variable values

iter      chisq       delta/lim  lambda   d1            m1           
   0 2.4376227991e-05   0.00e+00  3.61e-01   -5.108044e-01   6.287446e+00
BREAK: Singular matrix in Invert_RtR

*******************************************************************************
Tue Aug 22 10:17:48 2017


FIT:    data read from "fit.txt"
        format = z
        #datapoints = 3
        residuals are weighted equally (unit weight)

function used for fitting: M(x)
	M(x)=(c1*(x**(-1)))+d1
fitted parameters initialized with current variable values

iter      chisq       delta/lim  lambda   c1            d1           
   0 7.6773511258e+03   0.00e+00  3.58e+01   -3.791642e+02  -5.127533e-01
   6 8.5992244898e-07  -3.55e-05  3.58e-05   -7.271020e-02  -5.032606e-01

After 6 iterations the fit converged.
final sum of squares of residuals : 8.59922e-07
rel. change during last iteration : -3.54912e-10

degrees of freedom    (FIT_NDF)                        : 1
rms of residuals      (FIT_STDFIT) = sqrt(WSSR/ndf)    : 0.00092732
variance of residuals (reduced chisquare) = WSSR/ndf   : 8.59922e-07

Final set of parameters            Asymptotic Standard Error
=======================            ==========================
c1              = -0.0727102       +/- 0.01947      (26.78%)
d1              = -0.503261        +/- 0.002598     (0.5162%)

correlation matrix of the fit parameters:
                c1     d1     
c1              1.000 
d1             -0.979  1.000 


*******************************************************************************
Tue Aug 22 10:18:35 2017


FIT:    data read from "fit.txt"
        format = z
        #datapoints = 2
        residuals are weighted equally (unit weight)

function used for fitting: M(x)
	M(x)=(c1*(x**(-1)))+d1
fitted parameters initialized with current variable values

iter      chisq       delta/lim  lambda   c1            d1           
   0 7.8094997915e-07   0.00e+00  3.56e-01   -7.271020e-02  -5.032606e-01
   7 0.0000000000e+00  -inf       3.56e-08   -2.400000e-02  -5.086000e-01

After 7 iterations the fit converged.
final sum of squares of residuals : 0
abs. change during last iteration : -1.01388e-25


Exactly as many data points as there are parameters.
In this degenerate case, all errors are zero by definition.

Final set of parameters 
======================= 

c1              = -0.024         
d1              = -0.5086        


*******************************************************************************
Tue Aug 22 10:19:13 2017


FIT:    data read from "fit.txt"
        format = z
        #datapoints = 3
        residuals are weighted equally (unit weight)

function used for fitting: M(x)
	M(x)=(c1*(x**(-1)))+(m1*(x**(-2)))+d1
fitted parameters initialized with current variable values

iter      chisq       delta/lim  lambda   c1            d1            m1           
   0 4.0749765709e-01   0.00e+00  3.62e-01   -2.400000e-02  -5.086000e-01   1.903460e+01
   9 1.2325951644e-32   0.00e+00  3.62e-04    2.238600e-01  -5.223700e-01  -1.101600e+00

After 9 iterations the fit converged.
final sum of squares of residuals : 1.2326e-32
abs. change during last iteration : 0


Exactly as many data points as there are parameters.
In this degenerate case, all errors are zero by definition.

Final set of parameters 
======================= 

c1              = 0.22386        
d1              = -0.52237       
m1              = -1.1016        


*******************************************************************************
Tue Aug 22 10:19:38 2017


FIT:    data read from "fit.txt"
        format = z
        #datapoints = 3
        residuals are weighted equally (unit weight)

function used for fitting: M(x)
	M(x)=(c1*(x**(-2)))+(m1*(x**(-4)))+d1
fitted parameters initialized with current variable values

iter      chisq       delta/lim  lambda   c1            d1            m1           
   0 1.4407518477e-04   0.00e+00  3.02e-01    2.238600e-01  -5.223700e-01  -1.101600e+00
   8 0.0000000000e+00  -inf       3.02e-09    2.211283e-01  -5.119321e-01  -1.279200e+01

After 8 iterations the fit converged.
final sum of squares of residuals : 0
abs. change during last iteration : -6.88177e-23


Exactly as many data points as there are parameters.
In this degenerate case, all errors are zero by definition.

Final set of parameters 
======================= 

c1              = 0.221128       
d1              = -0.511932      
m1              = -12.792        


*******************************************************************************
Tue Aug 22 10:20:40 2017


FIT:    data read from "fit.txt"
        format = z
        #datapoints = 3
        residuals are weighted equally (unit weight)

function used for fitting: M(x)
	M(x)=(c1*(x**(-2)))+(m1*(x**(-4)))+d1
fitted parameters initialized with current variable values

iter      chisq       delta/lim  lambda   c1            d1            m1           
   0 0.0000000000e+00  -nan       2.96e-01    2.211283e-01  -5.119321e-01  -1.279200e+01
   1 0.0000000000e+00  -nan       2.96e-02    2.211283e-01  -5.119321e-01  -1.279200e+01

After 1 iterations the fit converged.
final sum of squares of residuals : 0
abs. change during last iteration : 0


Exactly as many data points as there are parameters.
In this degenerate case, all errors are zero by definition.

Final set of parameters 
======================= 

c1              = 0.221128       
d1              = -0.511932      
m1              = -12.792        


*******************************************************************************
Tue Aug 22 10:21:05 2017


FIT:    data read from "fit.txt"
        format = z
        #datapoints = 3
        residuals are weighted equally (unit weight)

function used for fitting: M(x)
	M(x)=(c1*(x**(-2)))+(m1*(x**(-3)))+d1
fitted parameters initialized with current variable values

iter      chisq       delta/lim  lambda   c1            d1            m1           
   0 3.0460675124e-03   0.00e+00  2.96e-01    2.211283e-01  -5.119321e-01  -1.279200e+01
   9 0.0000000000e+00  -inf       2.96e-10    6.519700e-01  -5.130425e-01  -4.477200e+00

After 9 iterations the fit converged.
final sum of squares of residuals : 0
abs. change during last iteration : -2.46519e-32


Exactly as many data points as there are parameters.
In this degenerate case, all errors are zero by definition.

Final set of parameters 
======================= 

c1              = 0.65197        
d1              = -0.513042      
m1              = -4.4772        


*******************************************************************************
Tue Aug 22 10:21:22 2017


FIT:    data read from "fit.txt"
        format = z
        #datapoints = 3
        residuals are weighted equally (unit weight)

function used for fitting: M(x)
	M(x)=(c1*(x**(-1)))+(m1*(x**(-3)))+d1
fitted parameters initialized with current variable values

iter      chisq       delta/lim  lambda   c1            d1            m1           
   0 1.6727584244e-02   0.00e+00  3.01e-01    6.519700e-01  -5.130425e-01  -4.477200e+00
   7 0.0000000000e+00  -inf       3.01e-08    8.323021e-02  -5.165104e-01  -2.812596e+00

After 7 iterations the fit converged.
final sum of squares of residuals : 0
abs. change during last iteration : -5.87052e-27


Exactly as many data points as there are parameters.
In this degenerate case, all errors are zero by definition.

Final set of parameters 
======================= 

c1              = 0.0832302      
d1              = -0.51651       
m1              = -2.8126        


*******************************************************************************
Tue Aug 22 10:21:37 2017


FIT:    data read from "fit.txt"
        format = z
        #datapoints = 3
        residuals are weighted equally (unit weight)

function used for fitting: M(x)
	M(x)=(c1*(x**(-1)))+(m1*(x**(-2)))+d1
fitted parameters initialized with current variable values

iter      chisq       delta/lim  lambda   c1            d1            m1           
   0 8.2819456615e+00   0.00e+00  5.83e-01    1.000000e+00   1.000000e+00   1.000000e+00
   7 0.0000000000e+00  -inf       5.83e-08    2.238600e-01  -5.223700e-01  -1.101600e+00

After 7 iterations the fit converged.
final sum of squares of residuals : 0
abs. change during last iteration : -1.73305e-20


Exactly as many data points as there are parameters.
In this degenerate case, all errors are zero by definition.

Final set of parameters 
======================= 

c1              = 0.22386        
d1              = -0.52237       
m1              = -1.1016        
