

*******************************************************************************
Fri Aug 25 10:15:10 2017


FIT:    data read from "J20.5.txt" u ($1):($2)
        format = x:z
        x range restricted to [0.100000 : 0.660000]
        #datapoints = 4
        residuals are weighted equally (unit weight)

function used for fitting: G(x)
	G(x)=a+b*(x**(2))+c*(x**(4))
fitted parameters initialized with current variable values

iter      chisq       delta/lim  lambda   a             b             c            
   0 9.1808088860e+00   0.00e+00  5.78e-01    1.000000e+00   1.000000e+00   1.000000e+00
   7 5.7758110141e-09  -2.46e-05  5.78e-08   -4.788408e-01   8.023869e-02   1.509980e-01

After 7 iterations the fit converged.
final sum of squares of residuals : 5.77581e-09
rel. change during last iteration : -2.46071e-10

degrees of freedom    (FIT_NDF)                        : 1
rms of residuals      (FIT_STDFIT) = sqrt(WSSR/ndf)    : 7.59988e-05
variance of residuals (reduced chisquare) = WSSR/ndf   : 5.77581e-09

Final set of parameters            Asymptotic Standard Error
=======================            ==========================
a               = -0.478841        +/- 0.0003249    (0.06786%)
b               = 0.0802387        +/- 0.01754      (21.86%)
c               = 0.150998         +/- 0.2059       (136.4%)

correlation matrix of the fit parameters:
                a      b      c      
a               1.000 
b              -0.983  1.000 
c               0.954 -0.991  1.000 


*******************************************************************************
Fri Aug 25 10:15:10 2017


FIT:    data read from "J20.5.txt" u ($1):($2)
        format = x:z
        x range restricted to [0.100000 : 0.167000]
        #datapoints = 2
        residuals are weighted equally (unit weight)

function used for fitting: M(x)
	M(x)=a1+b1*(x)
fitted parameters initialized with current variable values

iter      chisq       delta/lim  lambda   a1            b1           
   0 5.3244490490e+00   0.00e+00  7.16e-01    1.000000e+00   1.000000e+00
   7 0.0000000000e+00  -inf       7.16e-08   -4.804348e-01   2.327659e-02

After 7 iterations the fit converged.
final sum of squares of residuals : 0
abs. change during last iteration : -3.08149e-33


Exactly as many data points as there are parameters.
In this degenerate case, all errors are zero by definition.

Final set of parameters 
======================= 

a1              = -0.480435      
b1              = 0.0232766      


*******************************************************************************
Fri Aug 25 10:15:35 2017


FIT:    data read from "J20.5.txt" u ($1):($2)
        format = x:z
        x range restricted to [0.100000 : 0.660000]
        #datapoints = 4
        residuals are weighted equally (unit weight)

function used for fitting: G(x)
	G(x)=a+b*(x**(2))+c*(x**(4))
fitted parameters initialized with current variable values

iter      chisq       delta/lim  lambda   a             b             c            
   0 5.7758110141e-09   0.00e+00  2.76e-01   -4.788408e-01   8.023869e-02   1.509980e-01
   1 5.7758110141e-09   0.00e+00  2.76e-02   -4.788408e-01   8.023869e-02   1.509980e-01

After 1 iterations the fit converged.
final sum of squares of residuals : 5.77581e-09
rel. change during last iteration : 0

degrees of freedom    (FIT_NDF)                        : 1
rms of residuals      (FIT_STDFIT) = sqrt(WSSR/ndf)    : 7.59988e-05
variance of residuals (reduced chisquare) = WSSR/ndf   : 5.77581e-09

Final set of parameters            Asymptotic Standard Error
=======================            ==========================
a               = -0.478841        +/- 0.0003249    (0.06786%)
b               = 0.0802387        +/- 0.01754      (21.86%)
c               = 0.150998         +/- 0.2059       (136.4%)

correlation matrix of the fit parameters:
                a      b      c      
a               1.000 
b              -0.983  1.000 
c               0.954 -0.991  1.000 


*******************************************************************************
Fri Aug 25 10:15:35 2017


FIT:    data read from "J20.5.txt" u ($1):($2)
        format = x:z
        x range restricted to [0.100000 : 0.167000]
        #datapoints = 2
        residuals are weighted equally (unit weight)

function used for fitting: M(x)
	M(x)=a1+b1*(x)
fitted parameters initialized with current variable values

iter      chisq       delta/lim  lambda   a1            b1           
   0 0.0000000000e+00  -nan       3.40e-01   -4.804348e-01   2.327659e-02
   1 0.0000000000e+00  -nan       3.40e-02   -4.804348e-01   2.327659e-02

After 1 iterations the fit converged.
final sum of squares of residuals : 0
abs. change during last iteration : 0


Exactly as many data points as there are parameters.
In this degenerate case, all errors are zero by definition.

Final set of parameters 
======================= 

a1              = -0.480435      
b1              = 0.0232766      


*******************************************************************************
Fri Aug 25 10:17:07 2017


FIT:    data read from "J20.5.txt" u ($1):($2)
        format = x:z
        x range restricted to [0.100000 : 0.660000]
        #datapoints = 4
        residuals are weighted equally (unit weight)

function used for fitting: G(x)
	G(x)=a+b*(x**(2))+c*(x**(4))
fitted parameters initialized with current variable values

iter      chisq       delta/lim  lambda   a             b             c            
   0 5.7758110141e-09   0.00e+00  2.76e-01   -4.788408e-01   8.023869e-02   1.509980e-01
   1 5.7758110141e-09   0.00e+00  2.76e-02   -4.788408e-01   8.023869e-02   1.509980e-01

After 1 iterations the fit converged.
final sum of squares of residuals : 5.77581e-09
rel. change during last iteration : 0

degrees of freedom    (FIT_NDF)                        : 1
rms of residuals      (FIT_STDFIT) = sqrt(WSSR/ndf)    : 7.59988e-05
variance of residuals (reduced chisquare) = WSSR/ndf   : 5.77581e-09

Final set of parameters            Asymptotic Standard Error
=======================            ==========================
a               = -0.478841        +/- 0.0003249    (0.06786%)
b               = 0.0802387        +/- 0.01754      (21.86%)
c               = 0.150998         +/- 0.2059       (136.4%)

correlation matrix of the fit parameters:
                a      b      c      
a               1.000 
b              -0.983  1.000 
c               0.954 -0.991  1.000 


*******************************************************************************
Fri Aug 25 10:17:07 2017


FIT:    data read from "J20.5.txt" u ($1):($2)
        format = x:z
        x range restricted to [0.100000 : 0.167000]
        #datapoints = 2
        residuals are weighted equally (unit weight)

function used for fitting: M(x)
	M(x)=a1+b1*(x)
fitted parameters initialized with current variable values

iter      chisq       delta/lim  lambda   a1            b1           
   0 0.0000000000e+00  -nan       3.40e-01   -4.804348e-01   2.327659e-02
   1 0.0000000000e+00  -nan       3.40e-02   -4.804348e-01   2.327659e-02

After 1 iterations the fit converged.
final sum of squares of residuals : 0
abs. change during last iteration : 0


Exactly as many data points as there are parameters.
In this degenerate case, all errors are zero by definition.

Final set of parameters 
======================= 

a1              = -0.480435      
b1              = 0.0232766      


*******************************************************************************
Fri Aug 25 10:17:48 2017


FIT:    data read from "J20.5.txt" u ($1):($2)
        format = x:z
        x range restricted to [0.100000 : 0.660000]
        #datapoints = 4
        residuals are weighted equally (unit weight)

function used for fitting: G(x)
	G(x)=a+b*(x**(2))+c*(x**(4))
fitted parameters initialized with current variable values

iter      chisq       delta/lim  lambda   a             b             c            
   0 5.7758110141e-09   0.00e+00  2.76e-01   -4.788408e-01   8.023869e-02   1.509980e-01
   1 5.7758110141e-09   0.00e+00  2.76e-02   -4.788408e-01   8.023869e-02   1.509980e-01

After 1 iterations the fit converged.
final sum of squares of residuals : 5.77581e-09
rel. change during last iteration : 0

degrees of freedom    (FIT_NDF)                        : 1
rms of residuals      (FIT_STDFIT) = sqrt(WSSR/ndf)    : 7.59988e-05
variance of residuals (reduced chisquare) = WSSR/ndf   : 5.77581e-09

Final set of parameters            Asymptotic Standard Error
=======================            ==========================
a               = -0.478841        +/- 0.0003249    (0.06786%)
b               = 0.0802387        +/- 0.01754      (21.86%)
c               = 0.150998         +/- 0.2059       (136.4%)

correlation matrix of the fit parameters:
                a      b      c      
a               1.000 
b              -0.983  1.000 
c               0.954 -0.991  1.000 


*******************************************************************************
Fri Aug 25 10:17:48 2017


FIT:    data read from "J20.5.txt" u ($1):($2)
        format = x:z
        x range restricted to [0.100000 : 0.167000]
        #datapoints = 2
        residuals are weighted equally (unit weight)

function used for fitting: M(x)
	M(x)=a1+b1*(x)
fitted parameters initialized with current variable values

iter      chisq       delta/lim  lambda   a1            b1           
   0 0.0000000000e+00  -nan       3.40e-01   -4.804348e-01   2.327659e-02
   1 0.0000000000e+00  -nan       3.40e-02   -4.804348e-01   2.327659e-02

After 1 iterations the fit converged.
final sum of squares of residuals : 0
abs. change during last iteration : 0


Exactly as many data points as there are parameters.
In this degenerate case, all errors are zero by definition.

Final set of parameters 
======================= 

a1              = -0.480435      
b1              = 0.0232766      


*******************************************************************************
Fri Aug 25 10:18:20 2017


FIT:    data read from "J20.5.txt" u ($1):($2)
        format = x:z
        x range restricted to [0.100000 : 0.660000]
        #datapoints = 5
        residuals are weighted equally (unit weight)

function used for fitting: G(x)
	G(x)=a+b*(x**(2))+c*(x**(4))
fitted parameters initialized with current variable values

iter      chisq       delta/lim  lambda   a             b             c            
   0 1.0168504419e-08   0.00e+00  2.76e-01   -4.788408e-01   8.023869e-02   1.509980e-01
   7 7.1969237117e-09  -4.09e-04  2.76e-08   -4.789658e-01   8.642784e-02   8.315868e-02

After 7 iterations the fit converged.
final sum of squares of residuals : 7.19692e-09
rel. change during last iteration : -4.08814e-09

degrees of freedom    (FIT_NDF)                        : 2
rms of residuals      (FIT_STDFIT) = sqrt(WSSR/ndf)    : 5.99872e-05
variance of residuals (reduced chisquare) = WSSR/ndf   : 3.59846e-09

Final set of parameters            Asymptotic Standard Error
=======================            ==========================
a               = -0.478966        +/- 0.000162     (0.03381%)
b               = 0.0864278        +/- 0.009729     (11.26%)
c               = 0.0831587        +/- 0.1215       (146.1%)

correlation matrix of the fit parameters:
                a      b      c      
a               1.000 
b              -0.971  1.000 
c               0.930 -0.986  1.000 


*******************************************************************************
Fri Aug 25 10:18:20 2017


FIT:    data read from "J20.5.txt" u ($1):($2)
        format = x:z
        x range restricted to [0.100000 : 0.167000]
        #datapoints = 3
        residuals are weighted equally (unit weight)

function used for fitting: M(x)
	M(x)=a1+b1*(x)
fitted parameters initialized with current variable values

iter      chisq       delta/lim  lambda   a1            b1           
   0 8.3295380159e-09   0.00e+00  3.40e-01   -4.804348e-01   2.327659e-02
   6 1.8005927111e-09  -4.37e-02  3.40e-07   -4.807654e-01   2.534904e-02

After 6 iterations the fit converged.
final sum of squares of residuals : 1.80059e-09
rel. change during last iteration : -4.3689e-07

degrees of freedom    (FIT_NDF)                        : 1
rms of residuals      (FIT_STDFIT) = sqrt(WSSR/ndf)    : 4.24334e-05
variance of residuals (reduced chisquare) = WSSR/ndf   : 1.80059e-09

Final set of parameters            Asymptotic Standard Error
=======================            ==========================
a1              = -0.480765        +/- 0.0002094    (0.04355%)
b1              = 0.025349         +/- 0.001436     (5.663%)

correlation matrix of the fit parameters:
                a1     b1     
a1              1.000 
b1             -0.993  1.000 


*******************************************************************************
Fri Aug 25 10:19:31 2017


FIT:    data read from "J20.5.txt" u ($1):($2)
        format = x:z
        x range restricted to [0.100000 : 0.660000]
        #datapoints = 5
        residuals are weighted equally (unit weight)

function used for fitting: G(x)
	G(x)=a+b*(x**(2))+c*(x**(4))
fitted parameters initialized with current variable values

iter      chisq       delta/lim  lambda   a             b             c            
   0 7.1969237117e-09   0.00e+00  2.77e-01   -4.789658e-01   8.642784e-02   8.315868e-02
   1 7.1969237117e-09   0.00e+00  2.77e-02   -4.789658e-01   8.642784e-02   8.315868e-02

After 1 iterations the fit converged.
final sum of squares of residuals : 7.19692e-09
rel. change during last iteration : 0

degrees of freedom    (FIT_NDF)                        : 2
rms of residuals      (FIT_STDFIT) = sqrt(WSSR/ndf)    : 5.99872e-05
variance of residuals (reduced chisquare) = WSSR/ndf   : 3.59846e-09

Final set of parameters            Asymptotic Standard Error
=======================            ==========================
a               = -0.478966        +/- 0.000162     (0.03381%)
b               = 0.0864278        +/- 0.009729     (11.26%)
c               = 0.0831587        +/- 0.1215       (146.1%)

correlation matrix of the fit parameters:
                a      b      c      
a               1.000 
b              -0.971  1.000 
c               0.930 -0.986  1.000 


*******************************************************************************
Fri Aug 25 10:19:31 2017


FIT:    data read from "J20.5.txt" u ($1):($2)
        format = x:z
        x range restricted to [0.100000 : 0.167000]
        #datapoints = 3
        residuals are weighted equally (unit weight)

function used for fitting: M(x)
	M(x)=a1+b1*(x)
fitted parameters initialized with current variable values

iter      chisq       delta/lim  lambda   a1            b1           
   0 1.8005927111e-09   0.00e+00  3.40e-01   -4.807654e-01   2.534904e-02
   1 1.8005927111e-09   0.00e+00  3.40e-02   -4.807654e-01   2.534904e-02

After 1 iterations the fit converged.
final sum of squares of residuals : 1.80059e-09
rel. change during last iteration : 0

degrees of freedom    (FIT_NDF)                        : 1
rms of residuals      (FIT_STDFIT) = sqrt(WSSR/ndf)    : 4.24334e-05
variance of residuals (reduced chisquare) = WSSR/ndf   : 1.80059e-09

Final set of parameters            Asymptotic Standard Error
=======================            ==========================
a1              = -0.480765        +/- 0.0002094    (0.04355%)
b1              = 0.025349         +/- 0.001436     (5.663%)

correlation matrix of the fit parameters:
                a1     b1     
a1              1.000 
b1             -0.993  1.000 


*******************************************************************************
Fri Aug 25 10:20:44 2017


FIT:    data read from "J20.5.txt" u ($1):($2)
        format = x:z
        x range restricted to [0.100000 : 0.660000]
        #datapoints = 5
        residuals are weighted equally (unit weight)

function used for fitting: G(x)
	G(x)=a+b*(x**(2))+c*(x**(4))
fitted parameters initialized with current variable values

iter      chisq       delta/lim  lambda   a             b             c            
   0 7.1969237117e-09   0.00e+00  2.77e-01   -4.789658e-01   8.642784e-02   8.315868e-02
   1 7.1969237117e-09   0.00e+00  2.77e-02   -4.789658e-01   8.642784e-02   8.315868e-02

After 1 iterations the fit converged.
final sum of squares of residuals : 7.19692e-09
rel. change during last iteration : 0

degrees of freedom    (FIT_NDF)                        : 2
rms of residuals      (FIT_STDFIT) = sqrt(WSSR/ndf)    : 5.99872e-05
variance of residuals (reduced chisquare) = WSSR/ndf   : 3.59846e-09

Final set of parameters            Asymptotic Standard Error
=======================            ==========================
a               = -0.478966        +/- 0.000162     (0.03381%)
b               = 0.0864278        +/- 0.009729     (11.26%)
c               = 0.0831587        +/- 0.1215       (146.1%)

correlation matrix of the fit parameters:
                a      b      c      
a               1.000 
b              -0.971  1.000 
c               0.930 -0.986  1.000 


*******************************************************************************
Fri Aug 25 10:20:44 2017


FIT:    data read from "J20.5.txt" u ($1):($2)
        format = x:z
        x range restricted to [0.100000 : 0.167000]
        #datapoints = 3
        residuals are weighted equally (unit weight)

function used for fitting: M(x)
	M(x)=a1+b1*(x)
fitted parameters initialized with current variable values

iter      chisq       delta/lim  lambda   a1            b1           
   0 1.8005927111e-09   0.00e+00  3.40e-01   -4.807654e-01   2.534904e-02
   1 1.8005927111e-09  -2.13e-07  3.40e-02   -4.807654e-01   2.534904e-02

After 1 iterations the fit converged.
final sum of squares of residuals : 1.80059e-09
rel. change during last iteration : -2.12906e-12

degrees of freedom    (FIT_NDF)                        : 1
rms of residuals      (FIT_STDFIT) = sqrt(WSSR/ndf)    : 4.24334e-05
variance of residuals (reduced chisquare) = WSSR/ndf   : 1.80059e-09

Final set of parameters            Asymptotic Standard Error
=======================            ==========================
a1              = -0.480765        +/- 0.0002094    (0.04355%)
b1              = 0.025349         +/- 0.001436     (5.663%)

correlation matrix of the fit parameters:
                a1     b1     
a1              1.000 
b1             -0.993  1.000 


*******************************************************************************
Fri Oct 13 09:16:39 2017


FIT:    data read from "Energy.dat" u ($1):($3)
        format = x:z
        #datapoints = 6
        residuals are weighted equally (unit weight)

function used for fitting: G(x)
	G(x)=a+b*(x**(1))
fitted parameters initialized with current variable values

iter      chisq       delta/lim  lambda   a             b            
   0 1.9392657616e+01   0.00e+00  7.37e-01    1.000000e+00   1.000000e+00
   4 6.0048944431e-04  -6.78e-05  7.37e-05   -6.611909e-01   4.882495e-01

After 4 iterations the fit converged.
final sum of squares of residuals : 0.000600489
rel. change during last iteration : -6.77994e-10

degrees of freedom    (FIT_NDF)                        : 4
rms of residuals      (FIT_STDFIT) = sqrt(WSSR/ndf)    : 0.0122524
variance of residuals (reduced chisquare) = WSSR/ndf   : 0.000150122

Final set of parameters            Asymptotic Standard Error
=======================            ==========================
a               = -0.661191        +/- 0.01199      (1.813%)
b               = 0.48825          +/- 0.04115      (8.428%)

correlation matrix of the fit parameters:
                a      b      
a               1.000 
b              -0.909  1.000 


*******************************************************************************
Fri Oct 13 09:17:28 2017


FIT:    data read from "Energy.dat" u ($1):($3)
        format = x:z
        #datapoints = 6
        residuals are weighted equally (unit weight)

function used for fitting: G(x)
	G(x)=a+b*(x**(1))
fitted parameters initialized with current variable values

iter      chisq       delta/lim  lambda   a             b            
   0 6.0048944431e-04   0.00e+00  4.78e-01   -6.611909e-01   4.882495e-01
   1 6.0048944431e-04  -9.03e-11  4.78e-02   -6.611909e-01   4.882495e-01

After 1 iterations the fit converged.
final sum of squares of residuals : 0.000600489
rel. change during last iteration : -9.02765e-16

degrees of freedom    (FIT_NDF)                        : 4
rms of residuals      (FIT_STDFIT) = sqrt(WSSR/ndf)    : 0.0122524
variance of residuals (reduced chisquare) = WSSR/ndf   : 0.000150122

Final set of parameters            Asymptotic Standard Error
=======================            ==========================
a               = -0.661191        +/- 0.01199      (1.813%)
b               = 0.48825          +/- 0.04115      (8.428%)

correlation matrix of the fit parameters:
                a      b      
a               1.000 
b              -0.909  1.000 


*******************************************************************************
Fri Oct 13 09:17:32 2017


FIT:    data read from "Energy.dat" u ($1):($3)
        format = x:z
        #datapoints = 6
        residuals are weighted equally (unit weight)

function used for fitting: G(x)
	G(x)=a+b*(x**(1))
fitted parameters initialized with current variable values

iter      chisq       delta/lim  lambda   a             b            
   0 1.9392657616e+01   0.00e+00  7.37e-01    1.000000e+00   1.000000e+00
   4 6.0048944431e-04  -6.78e-05  7.37e-05   -6.611909e-01   4.882495e-01

After 4 iterations the fit converged.
final sum of squares of residuals : 0.000600489
rel. change during last iteration : -6.77994e-10

degrees of freedom    (FIT_NDF)                        : 4
rms of residuals      (FIT_STDFIT) = sqrt(WSSR/ndf)    : 0.0122524
variance of residuals (reduced chisquare) = WSSR/ndf   : 0.000150122

Final set of parameters            Asymptotic Standard Error
=======================            ==========================
a               = -0.661191        +/- 0.01199      (1.813%)
b               = 0.48825          +/- 0.04115      (8.428%)

correlation matrix of the fit parameters:
                a      b      
a               1.000 
b              -0.909  1.000 


*******************************************************************************
Fri Oct 13 09:18:13 2017


FIT:    data read from "Energy.dat" u ($1):($3)
        format = x:z
        #datapoints = 6
        residuals are weighted equally (unit weight)

function used for fitting: G(x)
	G(x)=a+b*(x**(1))
fitted parameters initialized with current variable values

iter      chisq       delta/lim  lambda   a             b            
   0 6.0048944431e-04   0.00e+00  4.78e-01   -6.611909e-01   4.882495e-01
   1 6.0048944431e-04  -9.03e-11  4.78e-02   -6.611909e-01   4.882495e-01

After 1 iterations the fit converged.
final sum of squares of residuals : 0.000600489
rel. change during last iteration : -9.02765e-16

degrees of freedom    (FIT_NDF)                        : 4
rms of residuals      (FIT_STDFIT) = sqrt(WSSR/ndf)    : 0.0122524
variance of residuals (reduced chisquare) = WSSR/ndf   : 0.000150122

Final set of parameters            Asymptotic Standard Error
=======================            ==========================
a               = -0.661191        +/- 0.01199      (1.813%)
b               = 0.48825          +/- 0.04115      (8.428%)

correlation matrix of the fit parameters:
                a      b      
a               1.000 
b              -0.909  1.000 


*******************************************************************************
Fri Oct 13 09:18:16 2017


FIT:    data read from "Energy.dat" u ($1):($3)
        format = x:z
        #datapoints = 6
        residuals are weighted equally (unit weight)

function used for fitting: G(x)
	G(x)=a+b*(x**(1))
fitted parameters initialized with current variable values

iter      chisq       delta/lim  lambda   a             b            
   0 1.9392657616e+01   0.00e+00  7.37e-01    1.000000e+00   1.000000e+00
   4 6.0048944431e-04  -6.78e-05  7.37e-05   -6.611909e-01   4.882495e-01

After 4 iterations the fit converged.
final sum of squares of residuals : 0.000600489
rel. change during last iteration : -6.77994e-10

degrees of freedom    (FIT_NDF)                        : 4
rms of residuals      (FIT_STDFIT) = sqrt(WSSR/ndf)    : 0.0122524
variance of residuals (reduced chisquare) = WSSR/ndf   : 0.000150122

Final set of parameters            Asymptotic Standard Error
=======================            ==========================
a               = -0.661191        +/- 0.01199      (1.813%)
b               = 0.48825          +/- 0.04115      (8.428%)

correlation matrix of the fit parameters:
                a      b      
a               1.000 
b              -0.909  1.000 


*******************************************************************************
Fri Oct 13 09:20:06 2017


FIT:    data read from "Energy.dat" u ($1):($3)
        format = x:z
        #datapoints = 6
        residuals are weighted equally (unit weight)

function used for fitting: G(x)
	G(x)=a+b*(x**(1))
fitted parameters initialized with current variable values

iter      chisq       delta/lim  lambda   a             b            
   0 6.0048944431e-04   0.00e+00  4.78e-01   -6.611909e-01   4.882495e-01
   1 6.0048944431e-04  -9.03e-11  4.78e-02   -6.611909e-01   4.882495e-01

After 1 iterations the fit converged.
final sum of squares of residuals : 0.000600489
rel. change during last iteration : -9.02765e-16

degrees of freedom    (FIT_NDF)                        : 4
rms of residuals      (FIT_STDFIT) = sqrt(WSSR/ndf)    : 0.0122524
variance of residuals (reduced chisquare) = WSSR/ndf   : 0.000150122

Final set of parameters            Asymptotic Standard Error
=======================            ==========================
a               = -0.661191        +/- 0.01199      (1.813%)
b               = 0.48825          +/- 0.04115      (8.428%)

correlation matrix of the fit parameters:
                a      b      
a               1.000 
b              -0.909  1.000 


*******************************************************************************
Fri Oct 13 09:20:09 2017


FIT:    data read from "Energy.dat" u ($1):($3)
        format = x:z
        #datapoints = 6
        residuals are weighted equally (unit weight)

function used for fitting: G(x)
	G(x)=a+b*(x**(1))
fitted parameters initialized with current variable values

iter      chisq       delta/lim  lambda   a             b            
   0 1.9392657616e+01   0.00e+00  7.37e-01    1.000000e+00   1.000000e+00
   4 6.0048944431e-04  -6.78e-05  7.37e-05   -6.611909e-01   4.882495e-01

After 4 iterations the fit converged.
final sum of squares of residuals : 0.000600489
rel. change during last iteration : -6.77994e-10

degrees of freedom    (FIT_NDF)                        : 4
rms of residuals      (FIT_STDFIT) = sqrt(WSSR/ndf)    : 0.0122524
variance of residuals (reduced chisquare) = WSSR/ndf   : 0.000150122

Final set of parameters            Asymptotic Standard Error
=======================            ==========================
a               = -0.661191        +/- 0.01199      (1.813%)
b               = 0.48825          +/- 0.04115      (8.428%)

correlation matrix of the fit parameters:
                a      b      
a               1.000 
b              -0.909  1.000 


*******************************************************************************
Fri Oct 13 09:24:28 2017


FIT:    data read from "Energy.dat" u ($1):($3)
        format = x:z
        #datapoints = 7
        residuals are weighted equally (unit weight)

function used for fitting: G(x)
	G(x)=a+b*(x**(1))
fitted parameters initialized with current variable values

iter      chisq       delta/lim  lambda   a             b            
   0 8.0852304400e-04   0.00e+00  4.77e-01   -6.611909e-01   4.882495e-01
   4 7.4565149934e-04  -2.09e-05  4.77e-05   -6.548935e-01   4.708025e-01

After 4 iterations the fit converged.
final sum of squares of residuals : 0.000745651
rel. change during last iteration : -2.08769e-10

degrees of freedom    (FIT_NDF)                        : 5
rms of residuals      (FIT_STDFIT) = sqrt(WSSR/ndf)    : 0.0122119
variance of residuals (reduced chisquare) = WSSR/ndf   : 0.00014913

Final set of parameters            Asymptotic Standard Error
=======================            ==========================
a               = -0.654894        +/- 0.0101       (1.543%)
b               = 0.470802         +/- 0.037        (7.86%)

correlation matrix of the fit parameters:
                a      b      
a               1.000 
b              -0.890  1.000 


*******************************************************************************
Fri Oct 13 09:24:31 2017


FIT:    data read from "Energy.dat" u ($1):($3)
        format = x:z
        #datapoints = 7
        residuals are weighted equally (unit weight)

function used for fitting: G(x)
	G(x)=a+b*(x**(1))
fitted parameters initialized with current variable values

iter      chisq       delta/lim  lambda   a             b            
   0 2.2294988943e+01   0.00e+00  7.33e-01    1.000000e+00   1.000000e+00
   4 7.4565149934e-04  -9.09e-05  7.33e-05   -6.548935e-01   4.708025e-01

After 4 iterations the fit converged.
final sum of squares of residuals : 0.000745651
rel. change during last iteration : -9.08531e-10

degrees of freedom    (FIT_NDF)                        : 5
rms of residuals      (FIT_STDFIT) = sqrt(WSSR/ndf)    : 0.0122119
variance of residuals (reduced chisquare) = WSSR/ndf   : 0.00014913

Final set of parameters            Asymptotic Standard Error
=======================            ==========================
a               = -0.654894        +/- 0.0101       (1.543%)
b               = 0.470802         +/- 0.037        (7.86%)

correlation matrix of the fit parameters:
                a      b      
a               1.000 
b              -0.890  1.000 
