['Fer_Z2', 'off'] Fer h= [1.0, 2.0] D= [2, 2] chi_single [40] chi_boundry [40]
Zero_order 9.65041998876
Fixed norm 9.65041998876
Norm:single_Layer= 0 9.60698419088 [40]
Norm:single_Layer= 1 9.6123686687 [40]
Norm:single_Layer= 2 9.62914984534 [40]
Norm:single_Layer= 0 9.61244910419 [40]
Norm:single_Layer= 1 9.61689320338 [40]
Norm:single_Layer= 2 9.60258770754 [40]
Norm:double_Layer= 0 9.61379334273 [40]
Norm:double_Layer= 1 9.61369021942 [40]
Norm:double_Layer= 2 9.61936538879 [40]
Norm:double_Layer= 0 9.61508433827 [40]
Norm:double_Layer= 1 9.61693593083 [40]
Norm:double_Layer= 2 9.61699852828 [40]
E_double -0.496183462366
E_single -0.496164117621
[1.0, 2.0] [(0.04, 100)]
0.04 100
Zero_order 9.65041998876
Fixed norm 9.65041998876
E_0 -0.496183462366
E_t 0 -0.51784297185 1.0 -4.16940991076 -4.11607763884 2.93108732639
E_t 1 -0.517941240829 -0.51784297185 -4.16920770028 -4.11785215298 0.000189729974937
E_t 2 -0.518007854675 -0.517941240829 -4.16863762776 -4.11948804704 0.000128596209502
E_t 3 -0.518060899498 -0.518007854675 -4.1677721133 -4.12120227868 0.000102391095593
E_t 4 -0.518106622551 -0.518060899498 -4.16670624633 -4.12299971448 8.82502764215e-05
E_t 5 -0.51813695619 -0.518106622551 -4.16548286433 -4.12470843471 5.85436704555e-05
E_t 6 -0.518159917189 -0.51813695619 -4.16417490732 -4.1263837677 4.43125716517e-05
E_t 7 -0.518267514493 -0.518159917189 -4.16368523556 -4.12859499634 0.000207609587538
E_t 8 -0.518335916892 -0.518267514493 -4.16255367905 -4.13082099122 0.000131965384332
E_t 9 -0.518402730417 -0.518335916892 -4.16158375456 -4.13285993211 0.000128883435449
E_t 10 -0.51849253865 -0.518402730417 -4.16100006168 -4.13488055673 0.000173210271683
E_t 11 -0.518628811804 -0.51849253865 -4.16083786056 -4.1372231283 0.000262756619664
E_t 12 -0.518735265485 -0.518628811804 -4.16058414159 -4.13918010617 0.000205217744821
E_t 13 -0.518840662351 -0.518735265485 -4.16043233302 -4.1410182646 0.000203139179225
E_t 14 -0.51894477673 -0.518840662351 -4.1604067543 -4.14270967338 0.000200627086782
E_t 15 -0.519044766562 -0.51894477673 -4.16045349376 -4.14426277124 0.000192642019522
E_t 16 -0.519146800022 -0.519044766562 -4.16062391701 -4.14572488333 0.0001965406694
E_t 17 -0.51924390071 -0.519146800022 -4.16076216352 -4.14714024784 0.00018700400389
E_t 18 -0.519332838039 -0.51924390071 -4.1608603995 -4.14846500913 0.00017125304282
E_t 19 -0.519413399024 -0.519332838039 -4.16089520038 -4.14971918401 0.000155099936964
E_t 20 -0.519484915565 -0.519413399024 -4.16088441879 -4.15087423024 0.000137668175176
E_t 21 -0.519545801837 -0.519484915565 -4.16079082708 -4.1519420023 0.000117191346219
E_t 22 -0.519598016442 -0.519545801837 -4.16065925293 -4.15290901014 0.000100490385678
E_t 23 -0.519661436062 -0.519598016442 -4.16077791955 -4.15380505744 0.000122040267179
E_t 24 -0.519695210094 -0.519661436062 -4.16061366697 -4.15450969453 6.49881525396e-05
E_t 25 -0.519734658019 -0.519695210094 -4.16048520515 -4.15526932316 7.59001249128e-05
E_t 26 -0.519773645177 -0.519734658019 -4.16034127284 -4.15603704999 7.5007954772e-05
E_t 27 -0.519811511528 -0.519773645177 -4.16018220801 -4.15680197644 7.28463103927e-05
E_t 28 -0.519869304401 -0.519811511528 -4.16006699655 -4.15784187387 0.000111168081634
E_t 29 -0.519875859139 -0.519869304401 -4.16003916882 -4.15797457741 1.26082753049e-05
E_t 30 -0.519904901466 -0.519875859139 -4.15987314405 -4.1586052794 5.58608436464e-05
E_t 31 -0.519929500993 -0.519904901466 -4.15974647689 -4.15912553901 4.73131984573e-05
E_t 32 -0.519956081741 -0.519929500993 -4.15966979537 -4.15962751248 5.11211395264e-05
E_t 33 -0.520033527577 -0.519956081741 -4.16024216934 -4.16029427189 0.000148924697976
E_t 34 -0.519992509334 -0.520033527577 -4.1604022266 -4.15947792275 -7.88823718866e-05
Didnot_get_lowered
E_single -0.498213550843
