

*******************************************************************************
Tue Apr 24 16:14:43 2018


FIT:    data read from "J20.5.txt" u ($1):($2)
        format = x:z
        x range restricted to [0.100000 : 0.660000]
        #datapoints = 7
        residuals are weighted equally (unit weight)

function used for fitting: G(x)
	G(x)=a+b*(x**(2))+c*(x**(4))
fitted parameters initialized with current variable values

iter      chisq       delta/lim  lambda   a             b             c            
   0 1.2985483426e+01   0.00e+00  5.78e-01    1.000000e+00   1.000000e+00   1.000000e+00
   6 5.2309530982e-02  -2.15e-04  5.78e-07   -6.292256e-01   1.791384e+01  -1.510464e+02

After 6 iterations the fit converged.
final sum of squares of residuals : 0.0523095
rel. change during last iteration : -2.15152e-09

degrees of freedom    (FIT_NDF)                        : 4
rms of residuals      (FIT_STDFIT) = sqrt(WSSR/ndf)    : 0.114356
variance of residuals (reduced chisquare) = WSSR/ndf   : 0.0130774

Final set of parameters            Asymptotic Standard Error
=======================            ==========================
a               = -0.629226        +/- 0.1307       (20.78%)
b               = 17.9138          +/- 6.054        (33.8%)
c               = -151.046         +/- 48.27        (31.95%)

correlation matrix of the fit parameters:
                a      b      c      
a               1.000 
b              -0.917  1.000 
c               0.845 -0.976  1.000 


*******************************************************************************
Tue Apr 24 16:14:43 2018


FIT:    data read from "J20.5.txt" u ($1):($2)
        format = x:z
        x range restricted to [0.100000 : 0.167000]
        #datapoints = 4
        residuals are weighted equally (unit weight)

function used for fitting: M(x)
	M(x)=a1+b1*(x)
fitted parameters initialized with current variable values

iter      chisq       delta/lim  lambda   a1            b1           
   0 8.7132541196e+00   0.00e+00  7.14e-01    1.000000e+00   1.000000e+00
   5 2.3598201131e-02  -1.18e-05  7.14e-06   -1.281574e+00   6.960525e+00

After 5 iterations the fit converged.
final sum of squares of residuals : 0.0235982
rel. change during last iteration : -1.17914e-10

degrees of freedom    (FIT_NDF)                        : 2
rms of residuals      (FIT_STDFIT) = sqrt(WSSR/ndf)    : 0.108624
variance of residuals (reduced chisquare) = WSSR/ndf   : 0.0117991

Final set of parameters            Asymptotic Standard Error
=======================            ==========================
a1              = -1.28157         +/- 0.36         (28.09%)
b1              = 6.96053          +/- 2.61         (37.49%)

correlation matrix of the fit parameters:
                a1     b1     
a1              1.000 
b1             -0.989  1.000 


*******************************************************************************
Tue Apr 24 16:15:10 2018


FIT:    data read from "J20.5.txt" u ($1):($2)
        format = x:z
        x range restricted to [0.100000 : 0.660000]
        #datapoints = 5
        residuals are weighted equally (unit weight)

function used for fitting: G(x)
	G(x)=a+b*(x**(2))+c*(x**(4))
fitted parameters initialized with current variable values

iter      chisq       delta/lim  lambda   a             b             c            
   0 1.5162914939e-01   0.00e+00  8.94e-01   -6.292256e-01   1.791384e+01  -1.510464e+02
   5 6.2122944908e-07  -6.03e-06  8.94e-06   -1.713554e-01   1.343774e-01  -5.408246e-01

After 5 iterations the fit converged.
final sum of squares of residuals : 6.21229e-07
rel. change during last iteration : -6.03121e-11

degrees of freedom    (FIT_NDF)                        : 2
rms of residuals      (FIT_STDFIT) = sqrt(WSSR/ndf)    : 0.000557328
variance of residuals (reduced chisquare) = WSSR/ndf   : 3.10615e-07

Final set of parameters            Asymptotic Standard Error
=======================            ==========================
a               = -0.171355        +/- 0.001101     (0.6426%)
b               = 0.134377         +/- 0.04239      (31.54%)
c               = -0.540825        +/- 0.3119       (57.67%)

correlation matrix of the fit parameters:
                a      b      c      
a               1.000 
b              -0.954  1.000 
c               0.904 -0.984  1.000 


*******************************************************************************
Tue Apr 24 16:15:10 2018


FIT:    data read from "J20.5.txt" u ($1):($2)
        format = x:z
        x range restricted to [0.100000 : 0.167000]
        #datapoints = 2
        residuals are weighted equally (unit weight)

function used for fitting: M(x)
	M(x)=a1+b1*(x)
fitted parameters initialized with current variable values

iter      chisq       delta/lim  lambda   a1            b1           
   0 1.6268989774e-02   0.00e+00  1.19e+00   -1.281574e+00   6.960525e+00
   6 0.0000000000e+00  -inf       1.19e-06   -1.704205e-01   1.344368e-02

After 6 iterations the fit converged.
final sum of squares of residuals : 0
abs. change during last iteration : -1.54956e-25


Exactly as many data points as there are parameters.
In this degenerate case, all errors are zero by definition.

Final set of parameters 
======================= 

a1              = -0.170421      
b1              = 0.0134437      


*******************************************************************************
Tue Apr 24 16:15:15 2018


FIT:    data read from "J20.5.txt" u ($1):($2)
        format = x:z
        x range restricted to [0.100000 : 0.660000]
        #datapoints = 5
        residuals are weighted equally (unit weight)

function used for fitting: G(x)
	G(x)=a+b*(x**(2))+c*(x**(4))
fitted parameters initialized with current variable values

iter      chisq       delta/lim  lambda   a             b             c            
   0 7.4792177710e+00   0.00e+00  5.78e-01    1.000000e+00   1.000000e+00   1.000000e+00
   6 6.2122944908e-07  -8.91e-03  5.78e-07   -1.713554e-01   1.343774e-01  -5.408246e-01

After 6 iterations the fit converged.
final sum of squares of residuals : 6.21229e-07
rel. change during last iteration : -8.90969e-08

degrees of freedom    (FIT_NDF)                        : 2
rms of residuals      (FIT_STDFIT) = sqrt(WSSR/ndf)    : 0.000557328
variance of residuals (reduced chisquare) = WSSR/ndf   : 3.10615e-07

Final set of parameters            Asymptotic Standard Error
=======================            ==========================
a               = -0.171355        +/- 0.001101     (0.6426%)
b               = 0.134377         +/- 0.04239      (31.54%)
c               = -0.540825        +/- 0.3119       (57.67%)

correlation matrix of the fit parameters:
                a      b      c      
a               1.000 
b              -0.954  1.000 
c               0.904 -0.984  1.000 


*******************************************************************************
Tue Apr 24 16:15:15 2018


FIT:    data read from "J20.5.txt" u ($1):($2)
        format = x:z
        x range restricted to [0.100000 : 0.167000]
        #datapoints = 2
        residuals are weighted equally (unit weight)

function used for fitting: M(x)
	M(x)=a1+b1*(x)
fitted parameters initialized with current variable values

iter      chisq       delta/lim  lambda   a1            b1           
   0 3.5014550070e+00   0.00e+00  7.16e-01    1.000000e+00   1.000000e+00
   6 0.0000000000e+00  -inf       7.16e-07   -1.704205e-01   1.344368e-02

After 6 iterations the fit converged.
final sum of squares of residuals : 0
abs. change during last iteration : -4.49301e-21


Exactly as many data points as there are parameters.
In this degenerate case, all errors are zero by definition.

Final set of parameters 
======================= 

a1              = -0.170421      
b1              = 0.0134437      


*******************************************************************************
Tue Apr 24 16:16:17 2018


FIT:    data read from "J20.5.txt" u ($1):($2)
        format = x:z
        x range restricted to [0.100000 : 0.660000]
        #datapoints = 6
        residuals are weighted equally (unit weight)

function used for fitting: G(x)
	G(x)=a+b*(x**(2))+c*(x**(4))
fitted parameters initialized with current variable values

iter      chisq       delta/lim  lambda   a             b             c            
   0 8.5917337232e-07   0.00e+00  9.90e-02   -1.713554e-01   1.343774e-01  -5.408246e-01
   5 7.3895355437e-07  -1.40e-01  9.90e-07   -1.708952e-01   1.191063e-01  -4.390287e-01

After 5 iterations the fit converged.
final sum of squares of residuals : 7.38954e-07
rel. change during last iteration : -1.39914e-06

degrees of freedom    (FIT_NDF)                        : 3
rms of residuals      (FIT_STDFIT) = sqrt(WSSR/ndf)    : 0.000496304
variance of residuals (reduced chisquare) = WSSR/ndf   : 2.46318e-07

Final set of parameters            Asymptotic Standard Error
=======================            ==========================
a               = -0.170895        +/- 0.0007201    (0.4213%)
b               = 0.119106         +/- 0.03061      (25.7%)
c               = -0.439029        +/- 0.2355       (53.64%)

correlation matrix of the fit parameters:
                a      b      c      
a               1.000 
b              -0.936  1.000 
c               0.874 -0.979  1.000 


*******************************************************************************
Tue Apr 24 16:16:17 2018


FIT:    data read from "J20.5.txt" u ($1):($2)
        format = x:z
        x range restricted to [0.100000 : 0.167000]
        #datapoints = 3
        residuals are weighted equally (unit weight)

function used for fitting: M(x)
	M(x)=a1+b1*(x)
fitted parameters initialized with current variable values

iter      chisq       delta/lim  lambda   a1            b1           
   0 2.5579569679e-08   0.00e+00  1.21e-01   -1.704205e-01   1.344368e-02
   6 5.5295247623e-09  -1.01e-03  1.21e-07   -1.709999e-01   1.707546e-02

After 6 iterations the fit converged.
final sum of squares of residuals : 5.52952e-09
rel. change during last iteration : -1.01409e-08

degrees of freedom    (FIT_NDF)                        : 1
rms of residuals      (FIT_STDFIT) = sqrt(WSSR/ndf)    : 7.43608e-05
variance of residuals (reduced chisquare) = WSSR/ndf   : 5.52952e-09

Final set of parameters            Asymptotic Standard Error
=======================            ==========================
a1              = -0.171           +/- 0.0003669    (0.2146%)
b1              = 0.0170755        +/- 0.002516     (14.73%)

correlation matrix of the fit parameters:
                a1     b1     
a1              1.000 
b1             -0.993  1.000 


*******************************************************************************
Tue Apr 24 16:16:18 2018


FIT:    data read from "J20.5.txt" u ($1):($2)
        format = x:z
        x range restricted to [0.100000 : 0.660000]
        #datapoints = 6
        residuals are weighted equally (unit weight)

function used for fitting: G(x)
	G(x)=a+b*(x**(2))+c*(x**(4))
fitted parameters initialized with current variable values

iter      chisq       delta/lim  lambda   a             b             c            
   0 7.3895355437e-07   0.00e+00  9.88e-02   -1.708952e-01   1.191063e-01  -4.390287e-01
   1 7.3895355437e-07   0.00e+00  9.88e+00   -1.708952e-01   1.191063e-01  -4.390287e-01

After 1 iterations the fit converged.
final sum of squares of residuals : 7.38954e-07
rel. change during last iteration : 0

degrees of freedom    (FIT_NDF)                        : 3
rms of residuals      (FIT_STDFIT) = sqrt(WSSR/ndf)    : 0.000496304
variance of residuals (reduced chisquare) = WSSR/ndf   : 2.46318e-07

Final set of parameters            Asymptotic Standard Error
=======================            ==========================
a               = -0.170895        +/- 0.0007201    (0.4213%)
b               = 0.119106         +/- 0.03061      (25.7%)
c               = -0.439029        +/- 0.2355       (53.64%)

correlation matrix of the fit parameters:
                a      b      c      
a               1.000 
b              -0.936  1.000 
c               0.874 -0.979  1.000 


*******************************************************************************
Tue Apr 24 16:16:18 2018


FIT:    data read from "J20.5.txt" u ($1):($2)
        format = x:z
        x range restricted to [0.100000 : 0.167000]
        #datapoints = 3
        residuals are weighted equally (unit weight)

function used for fitting: M(x)
	M(x)=a1+b1*(x)
fitted parameters initialized with current variable values

iter      chisq       delta/lim  lambda   a1            b1           
   0 5.5295247623e-09   0.00e+00  1.21e-01   -1.709999e-01   1.707546e-02
   1 5.5295247623e-09   0.00e+00  1.21e-02   -1.709999e-01   1.707546e-02

After 1 iterations the fit converged.
final sum of squares of residuals : 5.52952e-09
rel. change during last iteration : 0

degrees of freedom    (FIT_NDF)                        : 1
rms of residuals      (FIT_STDFIT) = sqrt(WSSR/ndf)    : 7.43608e-05
variance of residuals (reduced chisquare) = WSSR/ndf   : 5.52952e-09

Final set of parameters            Asymptotic Standard Error
=======================            ==========================
a1              = -0.171           +/- 0.0003669    (0.2146%)
b1              = 0.0170755        +/- 0.002516     (14.73%)

correlation matrix of the fit parameters:
                a1     b1     
a1              1.000 
b1             -0.993  1.000 


*******************************************************************************
Tue Apr 24 16:16:20 2018


FIT:    data read from "J20.5.txt" u ($1):($2)
        format = x:z
        x range restricted to [0.100000 : 0.660000]
        #datapoints = 6
        residuals are weighted equally (unit weight)

function used for fitting: G(x)
	G(x)=a+b*(x**(2))+c*(x**(4))
fitted parameters initialized with current variable values

iter      chisq       delta/lim  lambda   a             b             c            
   0 8.8828956876e+00   0.00e+00  5.78e-01    1.000000e+00   1.000000e+00   1.000000e+00
   6 7.3895355437e-07  -2.37e-03  5.78e-07   -1.708952e-01   1.191063e-01  -4.390287e-01

After 6 iterations the fit converged.
final sum of squares of residuals : 7.38954e-07
rel. change during last iteration : -2.37061e-08

degrees of freedom    (FIT_NDF)                        : 3
rms of residuals      (FIT_STDFIT) = sqrt(WSSR/ndf)    : 0.000496304
variance of residuals (reduced chisquare) = WSSR/ndf   : 2.46318e-07

Final set of parameters            Asymptotic Standard Error
=======================            ==========================
a               = -0.170895        +/- 0.0007201    (0.4213%)
b               = 0.119106         +/- 0.03061      (25.7%)
c               = -0.439029        +/- 0.2355       (53.64%)

correlation matrix of the fit parameters:
                a      b      c      
a               1.000 
b              -0.936  1.000 
c               0.874 -0.979  1.000 


*******************************************************************************
Tue Apr 24 16:16:20 2018


FIT:    data read from "J20.5.txt" u ($1):($2)
        format = x:z
        x range restricted to [0.100000 : 0.167000]
        #datapoints = 3
        residuals are weighted equally (unit weight)

function used for fitting: M(x)
	M(x)=a1+b1*(x)
fitted parameters initialized with current variable values

iter      chisq       delta/lim  lambda   a1            b1           
   0 5.1756322170e+00   0.00e+00  7.15e-01    1.000000e+00   1.000000e+00
   6 5.5295247623e-09  -1.35e-08  7.15e-07   -1.709999e-01   1.707546e-02

After 6 iterations the fit converged.
final sum of squares of residuals : 5.52952e-09
rel. change during last iteration : -1.35382e-13

degrees of freedom    (FIT_NDF)                        : 1
rms of residuals      (FIT_STDFIT) = sqrt(WSSR/ndf)    : 7.43608e-05
variance of residuals (reduced chisquare) = WSSR/ndf   : 5.52952e-09

Final set of parameters            Asymptotic Standard Error
=======================            ==========================
a1              = -0.171           +/- 0.0003669    (0.2146%)
b1              = 0.0170755        +/- 0.002516     (14.73%)

correlation matrix of the fit parameters:
                a1     b1     
a1              1.000 
b1             -0.993  1.000 


*******************************************************************************
Wed Apr 25 13:54:11 2018


FIT:    data read from "J20.5.txt" u ($1):($2)
        format = x:z
        x range restricted to [0.100000 : 0.660000]
        #datapoints = 5
        residuals are weighted equally (unit weight)

function used for fitting: G(x)
	G(x)=a+b*(x**(2))+c*(x**(4))
fitted parameters initialized with current variable values

iter      chisq       delta/lim  lambda   a             b             c            
   0 1.2321434464e+01   0.00e+00  5.78e-01    1.000000e+00   1.000000e+00   1.000000e+00
   6 1.5686613674e-06  -1.50e-03  5.78e-07   -5.393905e-01   9.245232e-02   8.902415e-01

After 6 iterations the fit converged.
final sum of squares of residuals : 1.56866e-06
rel. change during last iteration : -1.4995e-08

degrees of freedom    (FIT_NDF)                        : 2
rms of residuals      (FIT_STDFIT) = sqrt(WSSR/ndf)    : 0.000885624
variance of residuals (reduced chisquare) = WSSR/ndf   : 7.84331e-07

Final set of parameters            Asymptotic Standard Error
=======================            ==========================
a               = -0.53939         +/- 0.002391     (0.4433%)
b               = 0.0924523        +/- 0.1436       (155.4%)
c               = 0.890242         +/- 1.794        (201.5%)

correlation matrix of the fit parameters:
                a      b      c      
a               1.000 
b              -0.971  1.000 
c               0.930 -0.986  1.000 


*******************************************************************************
Wed Apr 25 13:54:11 2018


FIT:    data read from "J20.5.txt" u ($1):($2)
        format = x:z
        x range restricted to [0.100000 : 0.167000]
        #datapoints = 3
        residuals are weighted equally (unit weight)

function used for fitting: M(x)
	M(x)=a1+b1*(x)
fitted parameters initialized with current variable values

iter      chisq       delta/lim  lambda   a1            b1           
   0 8.4844845914e+00   0.00e+00  7.15e-01    1.000000e+00   1.000000e+00
   5 3.9115328262e-08  -8.80e-01  7.15e-06   -5.469623e-01   7.016251e-02

After 5 iterations the fit converged.
final sum of squares of residuals : 3.91153e-08
rel. change during last iteration : -8.79944e-06

degrees of freedom    (FIT_NDF)                        : 1
rms of residuals      (FIT_STDFIT) = sqrt(WSSR/ndf)    : 0.000197776
variance of residuals (reduced chisquare) = WSSR/ndf   : 3.91153e-08

Final set of parameters            Asymptotic Standard Error
=======================            ==========================
a1              = -0.546962        +/- 0.0009758    (0.1784%)
b1              = 0.0701625        +/- 0.006691     (9.537%)

correlation matrix of the fit parameters:
                a1     b1     
a1              1.000 
b1             -0.993  1.000 


*******************************************************************************
Wed Apr 25 13:55:14 2018


FIT:    data read from "J20.5.txt" u ($1):($2)
        format = x:z
        x range restricted to [0.100000 : 0.660000]
        #datapoints = 5
        residuals are weighted equally (unit weight)

function used for fitting: G(x)
	G(x)=a+b*(x**(2))+c*(x**(4))
fitted parameters initialized with current variable values

iter      chisq       delta/lim  lambda   a             b             c            
   0 1.5686613674e-06   0.00e+00  3.11e-01   -5.393905e-01   9.245232e-02   8.902415e-01
   1 1.5686613674e-06  -4.64e-09  3.11e-02   -5.393905e-01   9.245232e-02   8.902415e-01

After 1 iterations the fit converged.
final sum of squares of residuals : 1.56866e-06
rel. change during last iteration : -4.64376e-14

degrees of freedom    (FIT_NDF)                        : 2
rms of residuals      (FIT_STDFIT) = sqrt(WSSR/ndf)    : 0.000885624
variance of residuals (reduced chisquare) = WSSR/ndf   : 7.84331e-07

Final set of parameters            Asymptotic Standard Error
=======================            ==========================
a               = -0.53939         +/- 0.002391     (0.4433%)
b               = 0.0924523        +/- 0.1436       (155.4%)
c               = 0.890242         +/- 1.794        (201.5%)

correlation matrix of the fit parameters:
                a      b      c      
a               1.000 
b              -0.971  1.000 
c               0.930 -0.986  1.000 


*******************************************************************************
Wed Apr 25 13:55:14 2018


FIT:    data read from "J20.5.txt" u ($1):($2)
        format = x:z
        x range restricted to [0.100000 : 0.167000]
        #datapoints = 3
        residuals are weighted equally (unit weight)

function used for fitting: M(x)
	M(x)=a1+b1*(x)
fitted parameters initialized with current variable values

iter      chisq       delta/lim  lambda   a1            b1           
   0 3.9115328262e-08   0.00e+00  3.87e-01   -5.469623e-01   7.016251e-02
   1 3.9115328262e-08   0.00e+00  3.87e+00   -5.469623e-01   7.016251e-02

After 1 iterations the fit converged.
final sum of squares of residuals : 3.91153e-08
rel. change during last iteration : 0

degrees of freedom    (FIT_NDF)                        : 1
rms of residuals      (FIT_STDFIT) = sqrt(WSSR/ndf)    : 0.000197776
variance of residuals (reduced chisquare) = WSSR/ndf   : 3.91153e-08

Final set of parameters            Asymptotic Standard Error
=======================            ==========================
a1              = -0.546962        +/- 0.0009758    (0.1784%)
b1              = 0.0701625        +/- 0.006691     (9.537%)

correlation matrix of the fit parameters:
                a1     b1     
a1              1.000 
b1             -0.993  1.000 


*******************************************************************************
Wed Apr 25 13:55:15 2018


FIT:    data read from "J20.5.txt" u ($1):($2)
        format = x:z
        x range restricted to [0.100000 : 0.660000]
        #datapoints = 5
        residuals are weighted equally (unit weight)

function used for fitting: G(x)
	G(x)=a+b*(x**(2))+c*(x**(4))
fitted parameters initialized with current variable values

iter      chisq       delta/lim  lambda   a             b             c            
   0 1.5686613674e-06   0.00e+00  3.11e-01   -5.393905e-01   9.245232e-02   8.902415e-01
   1 1.5686613674e-06   0.00e+00  3.11e-01   -5.393905e-01   9.245232e-02   8.902415e-01

After 1 iterations the fit converged.
final sum of squares of residuals : 1.56866e-06
rel. change during last iteration : 0

degrees of freedom    (FIT_NDF)                        : 2
rms of residuals      (FIT_STDFIT) = sqrt(WSSR/ndf)    : 0.000885624
variance of residuals (reduced chisquare) = WSSR/ndf   : 7.84331e-07

Final set of parameters            Asymptotic Standard Error
=======================            ==========================
a               = -0.53939         +/- 0.002391     (0.4433%)
b               = 0.0924523        +/- 0.1436       (155.4%)
c               = 0.890242         +/- 1.794        (201.5%)

correlation matrix of the fit parameters:
                a      b      c      
a               1.000 
b              -0.971  1.000 
c               0.930 -0.986  1.000 


*******************************************************************************
Wed Apr 25 13:55:15 2018


FIT:    data read from "J20.5.txt" u ($1):($2)
        format = x:z
        x range restricted to [0.100000 : 0.167000]
        #datapoints = 3
        residuals are weighted equally (unit weight)

function used for fitting: M(x)
	M(x)=a1+b1*(x)
fitted parameters initialized with current variable values

iter      chisq       delta/lim  lambda   a1            b1           
   0 3.9115328262e-08   0.00e+00  3.87e-01   -5.469623e-01   7.016251e-02
   1 3.9115328262e-08   0.00e+00  3.87e+00   -5.469623e-01   7.016251e-02

After 1 iterations the fit converged.
final sum of squares of residuals : 3.91153e-08
rel. change during last iteration : 0

degrees of freedom    (FIT_NDF)                        : 1
rms of residuals      (FIT_STDFIT) = sqrt(WSSR/ndf)    : 0.000197776
variance of residuals (reduced chisquare) = WSSR/ndf   : 3.91153e-08

Final set of parameters            Asymptotic Standard Error
=======================            ==========================
a1              = -0.546962        +/- 0.0009758    (0.1784%)
b1              = 0.0701625        +/- 0.006691     (9.537%)

correlation matrix of the fit parameters:
                a1     b1     
a1              1.000 
b1             -0.993  1.000 


*******************************************************************************
Wed Apr 25 13:56:18 2018


FIT:    data read from "J20.5.txt" u ($1):($2)
        format = x:z
        x range restricted to [0.100000 : 0.660000]
        #datapoints = 5
        residuals are weighted equally (unit weight)

function used for fitting: G(x)
	G(x)=a+b*(x**(2))+c*(x**(4))
fitted parameters initialized with current variable values

iter      chisq       delta/lim  lambda   a             b             c            
   0 1.5686613674e-06   0.00e+00  3.11e-01   -5.393905e-01   9.245232e-02   8.902415e-01
   1 1.5686613674e-06   0.00e+00  3.11e-01   -5.393905e-01   9.245232e-02   8.902415e-01

After 1 iterations the fit converged.
final sum of squares of residuals : 1.56866e-06
rel. change during last iteration : 0

degrees of freedom    (FIT_NDF)                        : 2
rms of residuals      (FIT_STDFIT) = sqrt(WSSR/ndf)    : 0.000885624
variance of residuals (reduced chisquare) = WSSR/ndf   : 7.84331e-07

Final set of parameters            Asymptotic Standard Error
=======================            ==========================
a               = -0.53939         +/- 0.002391     (0.4433%)
b               = 0.0924523        +/- 0.1436       (155.4%)
c               = 0.890242         +/- 1.794        (201.5%)

correlation matrix of the fit parameters:
                a      b      c      
a               1.000 
b              -0.971  1.000 
c               0.930 -0.986  1.000 


*******************************************************************************
Wed Apr 25 13:56:18 2018


FIT:    data read from "J20.5.txt" u ($1):($2)
        format = x:z
        x range restricted to [0.100000 : 0.167000]
        #datapoints = 3
        residuals are weighted equally (unit weight)

function used for fitting: M(x)
	M(x)=a1+b1*(x)
fitted parameters initialized with current variable values

iter      chisq       delta/lim  lambda   a1            b1           
   0 3.9115328262e-08   0.00e+00  3.87e-01   -5.469623e-01   7.016251e-02
   1 3.9115328262e-08   0.00e+00  3.87e+00   -5.469623e-01   7.016251e-02

After 1 iterations the fit converged.
final sum of squares of residuals : 3.91153e-08
rel. change during last iteration : 0

degrees of freedom    (FIT_NDF)                        : 1
rms of residuals      (FIT_STDFIT) = sqrt(WSSR/ndf)    : 0.000197776
variance of residuals (reduced chisquare) = WSSR/ndf   : 3.91153e-08

Final set of parameters            Asymptotic Standard Error
=======================            ==========================
a1              = -0.546962        +/- 0.0009758    (0.1784%)
b1              = 0.0701625        +/- 0.006691     (9.537%)

correlation matrix of the fit parameters:
                a1     b1     
a1              1.000 
b1             -0.993  1.000 


*******************************************************************************
Wed Apr 25 13:56:44 2018


FIT:    data read from "J20.5.txt" u ($1):($2)
        format = x:z
        x range restricted to [0.100000 : 0.660000]
        #datapoints = 5
        residuals are weighted equally (unit weight)

function used for fitting: G(x)
	G(x)=a+b*(x**(2))+c*(x**(4))
fitted parameters initialized with current variable values

iter      chisq       delta/lim  lambda   a             b             c            
   0 7.1143076457e-07   0.00e+00  3.11e-01   -5.393905e-01   9.245232e-02   8.902415e-01
   6 4.8191812458e-07  -2.06e-01  3.11e-07   -5.389103e-01   4.816202e-02   1.490502e+00

After 6 iterations the fit converged.
final sum of squares of residuals : 4.81918e-07
rel. change during last iteration : -2.0605e-06

degrees of freedom    (FIT_NDF)                        : 2
rms of residuals      (FIT_STDFIT) = sqrt(WSSR/ndf)    : 0.000490876
variance of residuals (reduced chisquare) = WSSR/ndf   : 2.40959e-07

Final set of parameters            Asymptotic Standard Error
=======================            ==========================
a               = -0.53891         +/- 0.001325     (0.2459%)
b               = 0.048162         +/- 0.07962      (165.3%)
c               = 1.4905           +/- 0.9943       (66.71%)

correlation matrix of the fit parameters:
                a      b      c      
a               1.000 
b              -0.971  1.000 
c               0.930 -0.986  1.000 


*******************************************************************************
Wed Apr 25 13:56:44 2018


FIT:    data read from "J20.5.txt" u ($1):($2)
        format = x:z
        x range restricted to [0.100000 : 0.167000]
        #datapoints = 3
        residuals are weighted equally (unit weight)

function used for fitting: M(x)
	M(x)=a1+b1*(x)
fitted parameters initialized with current variable values

iter      chisq       delta/lim  lambda   a1            b1           
   0 5.6874113441e-07   0.00e+00  3.87e-01   -5.469623e-01   7.016251e-02
   6 6.6035957223e-09  -4.34e-04  3.87e-07   -5.443349e-01   5.018152e-02

After 6 iterations the fit converged.
final sum of squares of residuals : 6.6036e-09
rel. change during last iteration : -4.33947e-09

degrees of freedom    (FIT_NDF)                        : 1
rms of residuals      (FIT_STDFIT) = sqrt(WSSR/ndf)    : 8.12625e-05
variance of residuals (reduced chisquare) = WSSR/ndf   : 6.6036e-09

Final set of parameters            Asymptotic Standard Error
=======================            ==========================
a1              = -0.544335        +/- 0.000401     (0.07366%)
b1              = 0.0501815        +/- 0.002749     (5.479%)

correlation matrix of the fit parameters:
                a1     b1     
a1              1.000 
b1             -0.993  1.000 


*******************************************************************************
Wed Apr 25 13:56:45 2018


FIT:    data read from "J20.5.txt" u ($1):($2)
        format = x:z
        x range restricted to [0.100000 : 0.660000]
        #datapoints = 5
        residuals are weighted equally (unit weight)

function used for fitting: G(x)
	G(x)=a+b*(x**(2))+c*(x**(4))
fitted parameters initialized with current variable values

iter      chisq       delta/lim  lambda   a             b             c            
   0 4.8191812458e-07   0.00e+00  3.11e-01   -5.389103e-01   4.816202e-02   1.490502e+00
   1 4.8191812458e-07  -1.27e-08  3.11e-02   -5.389103e-01   4.816202e-02   1.490502e+00

After 1 iterations the fit converged.
final sum of squares of residuals : 4.81918e-07
rel. change during last iteration : -1.27208e-13

degrees of freedom    (FIT_NDF)                        : 2
rms of residuals      (FIT_STDFIT) = sqrt(WSSR/ndf)    : 0.000490876
variance of residuals (reduced chisquare) = WSSR/ndf   : 2.40959e-07

Final set of parameters            Asymptotic Standard Error
=======================            ==========================
a               = -0.53891         +/- 0.001325     (0.2459%)
b               = 0.048162         +/- 0.07962      (165.3%)
c               = 1.4905           +/- 0.9943       (66.71%)

correlation matrix of the fit parameters:
                a      b      c      
a               1.000 
b              -0.971  1.000 
c               0.930 -0.986  1.000 


*******************************************************************************
Wed Apr 25 13:56:45 2018


FIT:    data read from "J20.5.txt" u ($1):($2)
        format = x:z
        x range restricted to [0.100000 : 0.167000]
        #datapoints = 3
        residuals are weighted equally (unit weight)

function used for fitting: M(x)
	M(x)=a1+b1*(x)
fitted parameters initialized with current variable values

iter      chisq       delta/lim  lambda   a1            b1           
   0 6.6035957223e-09   0.00e+00  3.85e-01   -5.443349e-01   5.018152e-02
   1 6.6035957223e-09   0.00e+00  3.85e-02   -5.443349e-01   5.018152e-02

After 1 iterations the fit converged.
final sum of squares of residuals : 6.6036e-09
rel. change during last iteration : 0

degrees of freedom    (FIT_NDF)                        : 1
rms of residuals      (FIT_STDFIT) = sqrt(WSSR/ndf)    : 8.12625e-05
variance of residuals (reduced chisquare) = WSSR/ndf   : 6.6036e-09

Final set of parameters            Asymptotic Standard Error
=======================            ==========================
a1              = -0.544335        +/- 0.000401     (0.07366%)
b1              = 0.0501815        +/- 0.002749     (5.479%)

correlation matrix of the fit parameters:
                a1     b1     
a1              1.000 
b1             -0.993  1.000 


*******************************************************************************
Wed Apr 25 13:58:15 2018


FIT:    data read from "J20.5.txt" u ($1):($2)
        format = x:z
        x range restricted to [0.100000 : 0.660000]
        #datapoints = 5
        residuals are weighted equally (unit weight)

function used for fitting: G(x)
	G(x)=a+b*(x**(2))+c*(x**(4))
fitted parameters initialized with current variable values

iter      chisq       delta/lim  lambda   a             b             c            
   0 4.8191812458e-07   0.00e+00  3.11e-01   -5.389103e-01   4.816202e-02   1.490502e+00
   1 4.8191812458e-07  -3.58e-09  3.11e-01   -5.389103e-01   4.816202e-02   1.490502e+00

After 1 iterations the fit converged.
final sum of squares of residuals : 4.81918e-07
rel. change during last iteration : -3.58117e-14

degrees of freedom    (FIT_NDF)                        : 2
rms of residuals      (FIT_STDFIT) = sqrt(WSSR/ndf)    : 0.000490876
variance of residuals (reduced chisquare) = WSSR/ndf   : 2.40959e-07

Final set of parameters            Asymptotic Standard Error
=======================            ==========================
a               = -0.53891         +/- 0.001325     (0.2459%)
b               = 0.048162         +/- 0.07962      (165.3%)
c               = 1.4905           +/- 0.9943       (66.71%)

correlation matrix of the fit parameters:
                a      b      c      
a               1.000 
b              -0.971  1.000 
c               0.930 -0.986  1.000 


*******************************************************************************
Wed Apr 25 13:58:15 2018


FIT:    data read from "J20.5.txt" u ($1):($2)
        format = x:z
        x range restricted to [0.100000 : 0.167000]
        #datapoints = 3
        residuals are weighted equally (unit weight)

function used for fitting: M(x)
	M(x)=a1+b1*(x)
fitted parameters initialized with current variable values

iter      chisq       delta/lim  lambda   a1            b1           
   0 6.6035957223e-09   0.00e+00  3.85e-01   -5.443349e-01   5.018152e-02
   1 6.6035957223e-09   0.00e+00  3.85e-02   -5.443349e-01   5.018152e-02

After 1 iterations the fit converged.
final sum of squares of residuals : 6.6036e-09
rel. change during last iteration : 0

degrees of freedom    (FIT_NDF)                        : 1
rms of residuals      (FIT_STDFIT) = sqrt(WSSR/ndf)    : 8.12625e-05
variance of residuals (reduced chisquare) = WSSR/ndf   : 6.6036e-09

Final set of parameters            Asymptotic Standard Error
=======================            ==========================
a1              = -0.544335        +/- 0.000401     (0.07366%)
b1              = 0.0501815        +/- 0.002749     (5.479%)

correlation matrix of the fit parameters:
                a1     b1     
a1              1.000 
b1             -0.993  1.000 


*******************************************************************************
Wed Apr 25 13:59:02 2018


FIT:    data read from "J20.5.txt" u ($1):($2)
        format = x:z
        x range restricted to [0.100000 : 0.660000]
        #datapoints = 5
        residuals are weighted equally (unit weight)

function used for fitting: G(x)
	G(x)=a+b*(x**(2))+c*(x**(4))
fitted parameters initialized with current variable values

iter      chisq       delta/lim  lambda   a             b             c            
   0 4.8191812458e-07   0.00e+00  3.11e-01   -5.389103e-01   4.816202e-02   1.490502e+00
   1 4.8191812458e-07   0.00e+00  3.11e-01   -5.389103e-01   4.816202e-02   1.490502e+00

After 1 iterations the fit converged.
final sum of squares of residuals : 4.81918e-07
rel. change during last iteration : 0

degrees of freedom    (FIT_NDF)                        : 2
rms of residuals      (FIT_STDFIT) = sqrt(WSSR/ndf)    : 0.000490876
variance of residuals (reduced chisquare) = WSSR/ndf   : 2.40959e-07

Final set of parameters            Asymptotic Standard Error
=======================            ==========================
a               = -0.53891         +/- 0.001325     (0.2459%)
b               = 0.048162         +/- 0.07962      (165.3%)
c               = 1.4905           +/- 0.9943       (66.71%)

correlation matrix of the fit parameters:
                a      b      c      
a               1.000 
b              -0.971  1.000 
c               0.930 -0.986  1.000 


*******************************************************************************
Wed Apr 25 13:59:02 2018


FIT:    data read from "J20.5.txt" u ($1):($2)
        format = x:z
        x range restricted to [0.100000 : 0.167000]
        #datapoints = 3
        residuals are weighted equally (unit weight)

function used for fitting: M(x)
	M(x)=a1+b1*(x)
fitted parameters initialized with current variable values

iter      chisq       delta/lim  lambda   a1            b1           
   0 6.6035957223e-09   0.00e+00  3.85e-01   -5.443349e-01   5.018152e-02
   1 6.6035957223e-09   0.00e+00  3.85e-02   -5.443349e-01   5.018152e-02

After 1 iterations the fit converged.
final sum of squares of residuals : 6.6036e-09
rel. change during last iteration : 0

degrees of freedom    (FIT_NDF)                        : 1
rms of residuals      (FIT_STDFIT) = sqrt(WSSR/ndf)    : 8.12625e-05
variance of residuals (reduced chisquare) = WSSR/ndf   : 6.6036e-09

Final set of parameters            Asymptotic Standard Error
=======================            ==========================
a1              = -0.544335        +/- 0.000401     (0.07366%)
b1              = 0.0501815        +/- 0.002749     (5.479%)

correlation matrix of the fit parameters:
                a1     b1     
a1              1.000 
b1             -0.993  1.000 


*******************************************************************************
Wed Apr 25 13:59:05 2018


FIT:    data read from "J20.5.txt" u ($1):($2)
        format = x:z
        x range restricted to [0.100000 : 0.660000]
        #datapoints = 5
        residuals are weighted equally (unit weight)

function used for fitting: G(x)
	G(x)=a+b*(x**(2))+c*(x**(4))
fitted parameters initialized with current variable values

iter      chisq       delta/lim  lambda   a             b             c            
   0 1.2323937099e+01   0.00e+00  5.78e-01    1.000000e+00   1.000000e+00   1.000000e+00
   6 4.8191812458e-07  -9.71e-01  5.78e-07   -5.389103e-01   4.816205e-02   1.490502e+00

After 6 iterations the fit converged.
final sum of squares of residuals : 4.81918e-07
rel. change during last iteration : -9.70917e-06

degrees of freedom    (FIT_NDF)                        : 2
rms of residuals      (FIT_STDFIT) = sqrt(WSSR/ndf)    : 0.000490876
variance of residuals (reduced chisquare) = WSSR/ndf   : 2.40959e-07

Final set of parameters            Asymptotic Standard Error
=======================            ==========================
a               = -0.53891         +/- 0.001325     (0.2459%)
b               = 0.0481621        +/- 0.07962      (165.3%)
c               = 1.4905           +/- 0.9943       (66.71%)

correlation matrix of the fit parameters:
                a      b      c      
a               1.000 
b              -0.971  1.000 
c               0.930 -0.986  1.000 


*******************************************************************************
Wed Apr 25 13:59:05 2018


FIT:    data read from "J20.5.txt" u ($1):($2)
        format = x:z
        x range restricted to [0.100000 : 0.167000]
        #datapoints = 3
        residuals are weighted equally (unit weight)

function used for fitting: M(x)
	M(x)=a1+b1*(x)
fitted parameters initialized with current variable values

iter      chisq       delta/lim  lambda   a1            b1           
   0 8.4872082074e+00   0.00e+00  7.15e-01    1.000000e+00   1.000000e+00
   6 6.6035957223e-09  -2.79e-08  7.15e-05   -5.443349e-01   5.018152e-02

After 6 iterations the fit converged.
final sum of squares of residuals : 6.6036e-09
rel. change during last iteration : -2.78959e-13

degrees of freedom    (FIT_NDF)                        : 1
rms of residuals      (FIT_STDFIT) = sqrt(WSSR/ndf)    : 8.12625e-05
variance of residuals (reduced chisquare) = WSSR/ndf   : 6.6036e-09

Final set of parameters            Asymptotic Standard Error
=======================            ==========================
a1              = -0.544335        +/- 0.000401     (0.07366%)
b1              = 0.0501815        +/- 0.002749     (5.479%)

correlation matrix of the fit parameters:
                a1     b1     
a1              1.000 
b1             -0.993  1.000 


*******************************************************************************
Wed Apr 25 14:00:15 2018


FIT:    data read from "J20.5.txt" u ($1):($2)
        format = x:z
        x range restricted to [0.100000 : 0.660000]
        #datapoints = 5
        residuals are weighted equally (unit weight)

function used for fitting: G(x)
	G(x)=a+b*(x**(2))+c*(x**(4))
fitted parameters initialized with current variable values

iter      chisq       delta/lim  lambda   a             b             c            
   0 2.5519305666e-06   0.00e+00  3.11e-01   -5.389103e-01   4.816205e-02   1.490502e+00
   7 6.0374778936e-07  -4.52e-08  3.11e-08   -5.414038e-01   1.538804e-01   4.363213e-01

After 7 iterations the fit converged.
final sum of squares of residuals : 6.03748e-07
rel. change during last iteration : -4.52103e-13

degrees of freedom    (FIT_NDF)                        : 2
rms of residuals      (FIT_STDFIT) = sqrt(WSSR/ndf)    : 0.000549431
variance of residuals (reduced chisquare) = WSSR/ndf   : 3.01874e-07

Final set of parameters            Asymptotic Standard Error
=======================            ==========================
a               = -0.541404        +/- 0.001483     (0.274%)
b               = 0.15388          +/- 0.08911      (57.91%)
c               = 0.436321         +/- 1.113        (255.1%)

correlation matrix of the fit parameters:
                a      b      c      
a               1.000 
b              -0.971  1.000 
c               0.930 -0.986  1.000 


*******************************************************************************
Wed Apr 25 14:00:15 2018


FIT:    data read from "J20.5.txt" u ($1):($2)
        format = x:z
        x range restricted to [0.100000 : 0.167000]
        #datapoints = 3
        residuals are weighted equally (unit weight)

function used for fitting: M(x)
	M(x)=a1+b1*(x)
fitted parameters initialized with current variable values

iter      chisq       delta/lim  lambda   a1            b1           
   0 2.0012528628e-06   0.00e+00  3.85e-01   -5.443349e-01   5.018152e-02
   6 3.9115328262e-08  -1.22e-03  3.85e-07   -5.479623e-01   7.016251e-02

After 6 iterations the fit converged.
final sum of squares of residuals : 3.91153e-08
rel. change during last iteration : -1.21676e-08

degrees of freedom    (FIT_NDF)                        : 1
rms of residuals      (FIT_STDFIT) = sqrt(WSSR/ndf)    : 0.000197776
variance of residuals (reduced chisquare) = WSSR/ndf   : 3.91153e-08

Final set of parameters            Asymptotic Standard Error
=======================            ==========================
a1              = -0.547962        +/- 0.0009758    (0.1781%)
b1              = 0.0701625        +/- 0.006691     (9.537%)

correlation matrix of the fit parameters:
                a1     b1     
a1              1.000 
b1             -0.993  1.000 


*******************************************************************************
Wed Apr 25 14:03:10 2018


FIT:    data read from "J20.5.txt" u ($1):($2)
        format = x:z
        x range restricted to [0.100000 : 0.660000]
        #datapoints = 5
        residuals are weighted equally (unit weight)

function used for fitting: G(x)
	G(x)=a+b*(x**(2))+c*(x**(4))
fitted parameters initialized with current variable values

iter      chisq       delta/lim  lambda   a             b             c            
   0 1.2330788745e+01   0.00e+00  5.78e-01    1.000000e+00   1.000000e+00   1.000000e+00
   6 6.0374778936e-07  -6.07e-01  5.78e-07   -5.414038e-01   1.538804e-01   4.363218e-01

After 6 iterations the fit converged.
final sum of squares of residuals : 6.03748e-07
rel. change during last iteration : -6.06506e-06

degrees of freedom    (FIT_NDF)                        : 2
rms of residuals      (FIT_STDFIT) = sqrt(WSSR/ndf)    : 0.000549431
variance of residuals (reduced chisquare) = WSSR/ndf   : 3.01874e-07

Final set of parameters            Asymptotic Standard Error
=======================            ==========================
a               = -0.541404        +/- 0.001483     (0.274%)
b               = 0.15388          +/- 0.08911      (57.91%)
c               = 0.436322         +/- 1.113        (255.1%)

correlation matrix of the fit parameters:
                a      b      c      
a               1.000 
b              -0.971  1.000 
c               0.930 -0.986  1.000 


*******************************************************************************
Wed Apr 25 14:03:10 2018


FIT:    data read from "J20.5.txt" u ($1):($2)
        format = x:z
        x range restricted to [0.100000 : 0.167000]
        #datapoints = 3
        residuals are weighted equally (unit weight)

function used for fitting: M(x)
	M(x)=a1+b1*(x)
fitted parameters initialized with current variable values

iter      chisq       delta/lim  lambda   a1            b1           
   0 8.4945774254e+00   0.00e+00  7.15e-01    1.000000e+00   1.000000e+00
   5 3.9115328262e-08  -8.80e-01  7.15e-06   -5.479623e-01   7.016251e-02

After 5 iterations the fit converged.
final sum of squares of residuals : 3.91153e-08
rel. change during last iteration : -8.79583e-06

degrees of freedom    (FIT_NDF)                        : 1
rms of residuals      (FIT_STDFIT) = sqrt(WSSR/ndf)    : 0.000197776
variance of residuals (reduced chisquare) = WSSR/ndf   : 3.91153e-08

Final set of parameters            Asymptotic Standard Error
=======================            ==========================
a1              = -0.547962        +/- 0.0009758    (0.1781%)
b1              = 0.0701625        +/- 0.006691     (9.537%)

correlation matrix of the fit parameters:
                a1     b1     
a1              1.000 
b1             -0.993  1.000 


*******************************************************************************
Wed Apr 25 14:04:02 2018


FIT:    data read from "J20.5.txt" u ($1):($2)
        format = x:z
        x range restricted to [0.100000 : 0.660000]
        #datapoints = 5
        residuals are weighted equally (unit weight)

function used for fitting: G(x)
	G(x)=a+b*(x**(2))+c*(x**(4))
fitted parameters initialized with current variable values

iter      chisq       delta/lim  lambda   a             b             c            
   0 1.6069721334e-06   0.00e+00  3.13e-01   -5.414038e-01   1.538804e-01   4.363218e-01
   7 2.4961778166e-07  -1.64e-06  3.13e-08   -5.389504e-01   3.862977e-02   1.659973e+00

After 7 iterations the fit converged.
final sum of squares of residuals : 2.49618e-07
rel. change during last iteration : -1.63912e-11

degrees of freedom    (FIT_NDF)                        : 2
rms of residuals      (FIT_STDFIT) = sqrt(WSSR/ndf)    : 0.000353283
variance of residuals (reduced chisquare) = WSSR/ndf   : 1.24809e-07

Final set of parameters            Asymptotic Standard Error
=======================            ==========================
a               = -0.53895         +/- 0.0009538    (0.177%)
b               = 0.0386298        +/- 0.0573       (148.3%)
c               = 1.65997          +/- 0.7156       (43.11%)

correlation matrix of the fit parameters:
                a      b      c      
a               1.000 
b              -0.971  1.000 
c               0.930 -0.986  1.000 


*******************************************************************************
Wed Apr 25 14:04:02 2018


FIT:    data read from "J20.5.txt" u ($1):($2)
        format = x:z
        x range restricted to [0.100000 : 0.167000]
        #datapoints = 3
        residuals are weighted equally (unit weight)

function used for fitting: M(x)
	M(x)=a1+b1*(x)
fitted parameters initialized with current variable values

iter      chisq       delta/lim  lambda   a1            b1           
   0 1.5276117311e-06   0.00e+00  3.88e-01   -5.479623e-01   7.016251e-02
   6 3.6309813137e-08  -1.49e-04  3.88e-07   -5.434859e-01   4.291572e-02

After 6 iterations the fit converged.
final sum of squares of residuals : 3.63098e-08
rel. change during last iteration : -1.49129e-09

degrees of freedom    (FIT_NDF)                        : 1
rms of residuals      (FIT_STDFIT) = sqrt(WSSR/ndf)    : 0.000190551
variance of residuals (reduced chisquare) = WSSR/ndf   : 3.63098e-08

Final set of parameters            Asymptotic Standard Error
=======================            ==========================
a1              = -0.543486        +/- 0.0009402    (0.173%)
b1              = 0.0429157        +/- 0.006447     (15.02%)

correlation matrix of the fit parameters:
                a1     b1     
a1              1.000 
b1             -0.993  1.000 


*******************************************************************************
Wed Apr 25 14:04:05 2018


FIT:    data read from "J20.5.txt" u ($1):($2)
        format = x:z
        x range restricted to [0.100000 : 0.660000]
        #datapoints = 5
        residuals are weighted equally (unit weight)

function used for fitting: G(x)
	G(x)=a+b*(x**(2))+c*(x**(4))
fitted parameters initialized with current variable values

iter      chisq       delta/lim  lambda   a             b             c            
   0 1.2325842377e+01   0.00e+00  5.78e-01    1.000000e+00   1.000000e+00   1.000000e+00
   7 2.4961778166e-07  -4.02e-08  5.78e-08   -5.389504e-01   3.862977e-02   1.659973e+00

After 7 iterations the fit converged.
final sum of squares of residuals : 2.49618e-07
rel. change during last iteration : -4.02108e-13

degrees of freedom    (FIT_NDF)                        : 2
rms of residuals      (FIT_STDFIT) = sqrt(WSSR/ndf)    : 0.000353283
variance of residuals (reduced chisquare) = WSSR/ndf   : 1.24809e-07

Final set of parameters            Asymptotic Standard Error
=======================            ==========================
a               = -0.53895         +/- 0.0009538    (0.177%)
b               = 0.0386298        +/- 0.0573       (148.3%)
c               = 1.65997          +/- 0.7156       (43.11%)

correlation matrix of the fit parameters:
                a      b      c      
a               1.000 
b              -0.971  1.000 
c               0.930 -0.986  1.000 


*******************************************************************************
Wed Apr 25 14:04:05 2018


FIT:    data read from "J20.5.txt" u ($1):($2)
        format = x:z
        x range restricted to [0.100000 : 0.167000]
        #datapoints = 3
        residuals are weighted equally (unit weight)

function used for fitting: M(x)
	M(x)=a1+b1*(x)
fitted parameters initialized with current variable values

iter      chisq       delta/lim  lambda   a1            b1           
   0 8.4892723909e+00   0.00e+00  7.15e-01    1.000000e+00   1.000000e+00
   6 3.6309813137e-08  -1.28e-08  7.15e-07   -5.434859e-01   4.291572e-02

After 6 iterations the fit converged.
final sum of squares of residuals : 3.63098e-08
rel. change during last iteration : -1.27575e-13

degrees of freedom    (FIT_NDF)                        : 1
rms of residuals      (FIT_STDFIT) = sqrt(WSSR/ndf)    : 0.000190551
variance of residuals (reduced chisquare) = WSSR/ndf   : 3.63098e-08

Final set of parameters            Asymptotic Standard Error
=======================            ==========================
a1              = -0.543486        +/- 0.0009402    (0.173%)
b1              = 0.0429157        +/- 0.006447     (15.02%)

correlation matrix of the fit parameters:
                a1     b1     
a1              1.000 
b1             -0.993  1.000 


*******************************************************************************
Wed Apr 25 14:07:38 2018


FIT:    data read from "J20.5.txt" u ($1):($2)
        format = x:z
        x range restricted to [0.100000 : 0.660000]
        #datapoints = 5
        residuals are weighted equally (unit weight)

function used for fitting: G(x)
	G(x)=a+b*(x**(2))+c*(x**(4))
fitted parameters initialized with current variable values

iter      chisq       delta/lim  lambda   a             b             c            
   0 2.4961778166e-07   0.00e+00  3.11e-01   -5.389504e-01   3.862977e-02   1.659973e+00
   1 2.4961778166e-07   0.00e+00  3.11e-02   -5.389504e-01   3.862977e-02   1.659973e+00

After 1 iterations the fit converged.
final sum of squares of residuals : 2.49618e-07
rel. change during last iteration : 0

degrees of freedom    (FIT_NDF)                        : 2
rms of residuals      (FIT_STDFIT) = sqrt(WSSR/ndf)    : 0.000353283
variance of residuals (reduced chisquare) = WSSR/ndf   : 1.24809e-07

Final set of parameters            Asymptotic Standard Error
=======================            ==========================
a               = -0.53895         +/- 0.0009538    (0.177%)
b               = 0.0386298        +/- 0.0573       (148.3%)
c               = 1.65997          +/- 0.7156       (43.11%)

correlation matrix of the fit parameters:
                a      b      c      
a               1.000 
b              -0.971  1.000 
c               0.930 -0.986  1.000 


*******************************************************************************
Wed Apr 25 14:07:38 2018


FIT:    data read from "J20.5.txt" u ($1):($2)
        format = x:z
        x range restricted to [0.100000 : 0.167000]
        #datapoints = 3
        residuals are weighted equally (unit weight)

function used for fitting: M(x)
	M(x)=a1+b1*(x)
fitted parameters initialized with current variable values

iter      chisq       delta/lim  lambda   a1            b1           
   0 3.6309813137e-08   0.00e+00  3.84e-01   -5.434859e-01   4.291572e-02
   1 3.6309813137e-08   0.00e+00  3.84e-01   -5.434859e-01   4.291572e-02

After 1 iterations the fit converged.
final sum of squares of residuals : 3.63098e-08
rel. change during last iteration : 0

degrees of freedom    (FIT_NDF)                        : 1
rms of residuals      (FIT_STDFIT) = sqrt(WSSR/ndf)    : 0.000190551
variance of residuals (reduced chisquare) = WSSR/ndf   : 3.63098e-08

Final set of parameters            Asymptotic Standard Error
=======================            ==========================
a1              = -0.543486        +/- 0.0009402    (0.173%)
b1              = 0.0429157        +/- 0.006447     (15.02%)

correlation matrix of the fit parameters:
                a1     b1     
a1              1.000 
b1             -0.993  1.000 


*******************************************************************************
Thu Apr 26 08:34:42 2018


FIT:    data read from "J20.5.txt" u ($1):($2)
        format = x:z
        x range restricted to [0.100000 : 0.660000]
        #datapoints = 5
        residuals are weighted equally (unit weight)

function used for fitting: G(x)
	G(x)=a+b*(x**(2))+c*(x**(4))
fitted parameters initialized with current variable values

iter      chisq       delta/lim  lambda   a             b             c            
   0 2.4961778166e-07   0.00e+00  3.11e-01   -5.389504e-01   3.862977e-02   1.659973e+00
   1 2.4961778166e-07  -4.60e-09  3.11e-02   -5.389504e-01   3.862977e-02   1.659973e+00

After 1 iterations the fit converged.
final sum of squares of residuals : 2.49618e-07
rel. change during last iteration : -4.60219e-14

degrees of freedom    (FIT_NDF)                        : 2
rms of residuals      (FIT_STDFIT) = sqrt(WSSR/ndf)    : 0.000353283
variance of residuals (reduced chisquare) = WSSR/ndf   : 1.24809e-07

Final set of parameters            Asymptotic Standard Error
=======================            ==========================
a               = -0.53895         +/- 0.0009538    (0.177%)
b               = 0.0386298        +/- 0.0573       (148.3%)
c               = 1.65997          +/- 0.7156       (43.11%)

correlation matrix of the fit parameters:
                a      b      c      
a               1.000 
b              -0.971  1.000 
c               0.930 -0.986  1.000 


*******************************************************************************
Thu Apr 26 08:34:42 2018


FIT:    data read from "J20.5.txt" u ($1):($2)
        format = x:z
        x range restricted to [0.100000 : 0.167000]
        #datapoints = 3
        residuals are weighted equally (unit weight)

function used for fitting: M(x)
	M(x)=a1+b1*(x)
fitted parameters initialized with current variable values

iter      chisq       delta/lim  lambda   a1            b1           
   0 3.6309813137e-08   0.00e+00  3.84e-01   -5.434859e-01   4.291572e-02
   1 3.6309813137e-08   0.00e+00  3.84e-01   -5.434859e-01   4.291572e-02

After 1 iterations the fit converged.
final sum of squares of residuals : 3.63098e-08
rel. change during last iteration : 0

degrees of freedom    (FIT_NDF)                        : 1
rms of residuals      (FIT_STDFIT) = sqrt(WSSR/ndf)    : 0.000190551
variance of residuals (reduced chisquare) = WSSR/ndf   : 3.63098e-08

Final set of parameters            Asymptotic Standard Error
=======================            ==========================
a1              = -0.543486        +/- 0.0009402    (0.173%)
b1              = 0.0429157        +/- 0.006447     (15.02%)

correlation matrix of the fit parameters:
                a1     b1     
a1              1.000 
b1             -0.993  1.000 


*******************************************************************************
Thu Apr 26 08:59:05 2018


FIT:    data read from "J20.5.txt" u ($1):($2)
        format = x:z
        x range restricted to [0.100000 : 0.660000]
        #datapoints = 5
        residuals are weighted equally (unit weight)

function used for fitting: G(x)
	G(x)=a+b*(x**(2))+c*(x**(4))
fitted parameters initialized with current variable values

iter      chisq       delta/lim  lambda   a             b             c            
   0 2.4961778166e-07   0.00e+00  3.11e-01   -5.389504e-01   3.862977e-02   1.659973e+00
   1 2.4961778166e-07   0.00e+00  3.11e-02   -5.389504e-01   3.862977e-02   1.659973e+00

After 1 iterations the fit converged.
final sum of squares of residuals : 2.49618e-07
rel. change during last iteration : 0

degrees of freedom    (FIT_NDF)                        : 2
rms of residuals      (FIT_STDFIT) = sqrt(WSSR/ndf)    : 0.000353283
variance of residuals (reduced chisquare) = WSSR/ndf   : 1.24809e-07

Final set of parameters            Asymptotic Standard Error
=======================            ==========================
a               = -0.53895         +/- 0.0009538    (0.177%)
b               = 0.0386298        +/- 0.0573       (148.3%)
c               = 1.65997          +/- 0.7156       (43.11%)

correlation matrix of the fit parameters:
                a      b      c      
a               1.000 
b              -0.971  1.000 
c               0.930 -0.986  1.000 


*******************************************************************************
Thu Apr 26 08:59:05 2018


FIT:    data read from "J20.5.txt" u ($1):($2)
        format = x:z
        x range restricted to [0.100000 : 0.167000]
        #datapoints = 3
        residuals are weighted equally (unit weight)

function used for fitting: M(x)
	M(x)=a1+b1*(x)
fitted parameters initialized with current variable values

iter      chisq       delta/lim  lambda   a1            b1           
   0 3.6309813137e-08   0.00e+00  3.84e-01   -5.434859e-01   4.291572e-02
   1 3.6309813137e-08   0.00e+00  3.84e-01   -5.434859e-01   4.291572e-02

After 1 iterations the fit converged.
final sum of squares of residuals : 3.63098e-08
rel. change during last iteration : 0

degrees of freedom    (FIT_NDF)                        : 1
rms of residuals      (FIT_STDFIT) = sqrt(WSSR/ndf)    : 0.000190551
variance of residuals (reduced chisquare) = WSSR/ndf   : 3.63098e-08

Final set of parameters            Asymptotic Standard Error
=======================            ==========================
a1              = -0.543486        +/- 0.0009402    (0.173%)
b1              = 0.0429157        +/- 0.006447     (15.02%)

correlation matrix of the fit parameters:
                a1     b1     
a1              1.000 
b1             -0.993  1.000 


*******************************************************************************
Thu Apr 26 11:19:00 2018


FIT:    data read from "J20.5.txt" u ($1):($2)
        format = x:z
        x range restricted to [0.100000 : 0.660000]
        #datapoints = 5
        residuals are weighted equally (unit weight)

function used for fitting: G(x)
	G(x)=a+b*(x**(2))+c*(x**(4))
fitted parameters initialized with current variable values

iter      chisq       delta/lim  lambda   a             b             c            
   0 1.2325842377e+01   0.00e+00  5.78e-01    1.000000e+00   1.000000e+00   1.000000e+00
   7 2.4961778166e-07  -4.02e-08  5.78e-08   -5.389504e-01   3.862977e-02   1.659973e+00

After 7 iterations the fit converged.
final sum of squares of residuals : 2.49618e-07
rel. change during last iteration : -4.02108e-13

degrees of freedom    (FIT_NDF)                        : 2
rms of residuals      (FIT_STDFIT) = sqrt(WSSR/ndf)    : 0.000353283
variance of residuals (reduced chisquare) = WSSR/ndf   : 1.24809e-07

Final set of parameters            Asymptotic Standard Error
=======================            ==========================
a               = -0.53895         +/- 0.0009538    (0.177%)
b               = 0.0386298        +/- 0.0573       (148.3%)
c               = 1.65997          +/- 0.7156       (43.11%)

correlation matrix of the fit parameters:
                a      b      c      
a               1.000 
b              -0.971  1.000 
c               0.930 -0.986  1.000 


*******************************************************************************
Thu Apr 26 11:19:00 2018


FIT:    data read from "J20.5.txt" u ($1):($2)
        format = x:z
        x range restricted to [0.100000 : 0.167000]
        #datapoints = 3
        residuals are weighted equally (unit weight)

function used for fitting: M(x)
	M(x)=a1+b1*(x)
fitted parameters initialized with current variable values

iter      chisq       delta/lim  lambda   a1            b1           
   0 8.4892723909e+00   0.00e+00  7.15e-01    1.000000e+00   1.000000e+00
   6 3.6309813137e-08  -1.28e-08  7.15e-07   -5.434859e-01   4.291572e-02

After 6 iterations the fit converged.
final sum of squares of residuals : 3.63098e-08
rel. change during last iteration : -1.27575e-13

degrees of freedom    (FIT_NDF)                        : 1
rms of residuals      (FIT_STDFIT) = sqrt(WSSR/ndf)    : 0.000190551
variance of residuals (reduced chisquare) = WSSR/ndf   : 3.63098e-08

Final set of parameters            Asymptotic Standard Error
=======================            ==========================
a1              = -0.543486        +/- 0.0009402    (0.173%)
b1              = 0.0429157        +/- 0.006447     (15.02%)

correlation matrix of the fit parameters:
                a1     b1     
a1              1.000 
b1             -0.993  1.000 


*******************************************************************************
Thu Apr 26 11:20:26 2018


FIT:    data read from "J20.5.txt" u ($1):($2)
        format = x:z
        x range restricted to [0.100000 : 0.660000]
        #datapoints = 5
        residuals are weighted equally (unit weight)

function used for fitting: G(x)
	G(x)=a+b*(x**(2))+c*(x**(4))
fitted parameters initialized with current variable values

iter      chisq       delta/lim  lambda   a             b             c            
   0 2.4961778166e-07   0.00e+00  3.11e-01   -5.389504e-01   3.862977e-02   1.659973e+00
   1 2.4961778166e-07   0.00e+00  3.11e-02   -5.389504e-01   3.862977e-02   1.659973e+00

After 1 iterations the fit converged.
final sum of squares of residuals : 2.49618e-07
rel. change during last iteration : 0

degrees of freedom    (FIT_NDF)                        : 2
rms of residuals      (FIT_STDFIT) = sqrt(WSSR/ndf)    : 0.000353283
variance of residuals (reduced chisquare) = WSSR/ndf   : 1.24809e-07

Final set of parameters            Asymptotic Standard Error
=======================            ==========================
a               = -0.53895         +/- 0.0009538    (0.177%)
b               = 0.0386298        +/- 0.0573       (148.3%)
c               = 1.65997          +/- 0.7156       (43.11%)

correlation matrix of the fit parameters:
                a      b      c      
a               1.000 
b              -0.971  1.000 
c               0.930 -0.986  1.000 


*******************************************************************************
Thu Apr 26 11:20:26 2018


FIT:    data read from "J20.5.txt" u ($1):($2)
        format = x:z
        x range restricted to [0.100000 : 0.167000]
        #datapoints = 3
        residuals are weighted equally (unit weight)

function used for fitting: M(x)
	M(x)=a1+b1*(x)
fitted parameters initialized with current variable values

iter      chisq       delta/lim  lambda   a1            b1           
   0 3.6309813137e-08   0.00e+00  3.84e-01   -5.434859e-01   4.291572e-02
   1 3.6309813137e-08   0.00e+00  3.84e-01   -5.434859e-01   4.291572e-02

After 1 iterations the fit converged.
final sum of squares of residuals : 3.63098e-08
rel. change during last iteration : 0

degrees of freedom    (FIT_NDF)                        : 1
rms of residuals      (FIT_STDFIT) = sqrt(WSSR/ndf)    : 0.000190551
variance of residuals (reduced chisquare) = WSSR/ndf   : 3.63098e-08

Final set of parameters            Asymptotic Standard Error
=======================            ==========================
a1              = -0.543486        +/- 0.0009402    (0.173%)
b1              = 0.0429157        +/- 0.006447     (15.02%)

correlation matrix of the fit parameters:
                a1     b1     
a1              1.000 
b1             -0.993  1.000 


*******************************************************************************
Thu Apr 26 11:20:30 2018


FIT:    data read from "J20.5.txt" u ($1):($2)
        format = x:z
        x range restricted to [0.100000 : 0.660000]
        #datapoints = 5
        residuals are weighted equally (unit weight)

function used for fitting: G(x)
	G(x)=a+b*(x**(2))+c*(x**(4))
fitted parameters initialized with current variable values

iter      chisq       delta/lim  lambda   a             b             c            
   0 1.2325842377e+01   0.00e+00  5.78e-01    1.000000e+00   1.000000e+00   1.000000e+00
   7 2.4961778166e-07  -4.02e-08  5.78e-08   -5.389504e-01   3.862977e-02   1.659973e+00

After 7 iterations the fit converged.
final sum of squares of residuals : 2.49618e-07
rel. change during last iteration : -4.02108e-13

degrees of freedom    (FIT_NDF)                        : 2
rms of residuals      (FIT_STDFIT) = sqrt(WSSR/ndf)    : 0.000353283
variance of residuals (reduced chisquare) = WSSR/ndf   : 1.24809e-07

Final set of parameters            Asymptotic Standard Error
=======================            ==========================
a               = -0.53895         +/- 0.0009538    (0.177%)
b               = 0.0386298        +/- 0.0573       (148.3%)
c               = 1.65997          +/- 0.7156       (43.11%)

correlation matrix of the fit parameters:
                a      b      c      
a               1.000 
b              -0.971  1.000 
c               0.930 -0.986  1.000 


*******************************************************************************
Thu Apr 26 11:20:30 2018


FIT:    data read from "J20.5.txt" u ($1):($2)
        format = x:z
        x range restricted to [0.100000 : 0.167000]
        #datapoints = 3
        residuals are weighted equally (unit weight)

function used for fitting: M(x)
	M(x)=a1+b1*(x)
fitted parameters initialized with current variable values

iter      chisq       delta/lim  lambda   a1            b1           
   0 8.4892723909e+00   0.00e+00  7.15e-01    1.000000e+00   1.000000e+00
   6 3.6309813137e-08  -1.28e-08  7.15e-07   -5.434859e-01   4.291572e-02

After 6 iterations the fit converged.
final sum of squares of residuals : 3.63098e-08
rel. change during last iteration : -1.27575e-13

degrees of freedom    (FIT_NDF)                        : 1
rms of residuals      (FIT_STDFIT) = sqrt(WSSR/ndf)    : 0.000190551
variance of residuals (reduced chisquare) = WSSR/ndf   : 3.63098e-08

Final set of parameters            Asymptotic Standard Error
=======================            ==========================
a1              = -0.543486        +/- 0.0009402    (0.173%)
b1              = 0.0429157        +/- 0.006447     (15.02%)

correlation matrix of the fit parameters:
                a1     b1     
a1              1.000 
b1             -0.993  1.000 
